#
# There is insufficient memory for the Java Runtime Environment to continue.
# Native memory allocation (malloc) failed to allocate 88896 bytes for Chunk::new
# Possible reasons:
#   The system is out of physical RAM or swap space
#   The process is running with CompressedOops enabled, and the Java Heap may be blocking the growth of the native heap
# Possible solutions:
#   Reduce memory load on the system
#   Increase physical memory or swap space
#   Check if swap backing store is full
#   Decrease Java heap size (-Xmx/-Xms)
#   Decrease number of Java threads
#   Decrease Java thread stack sizes (-Xss)
#   Set larger code cache with -XX:ReservedCodeCacheSize=
#   JVM is running with Unscaled Compressed Oops mode in which the Java heap is
#     placed in the first 4GB address space. The Java Heap base address is the
#     maximum limit for the native heap growth. Please use -XX:HeapBaseMinAddress
#     to set the Java Heap base and to place the Java Heap above 4GB virtual address.
# This output file may be truncated or incomplete.
#
#  Out of Memory Error (allocation.cpp:389), pid=27120, tid=0x000000000000726c
#
# JRE version: OpenJDK Runtime Environment (8.0_242-b01) (build 1.8.0_242-release-1644-b01)
# Java VM: OpenJDK 64-Bit Server VM (25.242-b01 mixed mode windows-amd64 compressed oops)
# Failed to write core dump. Minidumps are not enabled by default on client versions of Windows
#

---------------  T H R E A D  ---------------

Current thread (0x0000000019160800):  JavaThread "C2 CompilerThread2" daemon [_thread_in_native, id=29292, stack(0x000000001a9a0000,0x000000001aaa0000)]

Stack: [0x000000001a9a0000,0x000000001aaa0000]
[error occurred during error reporting (printing stack bounds), id 0xc0000005]

Native frames: (J=compiled Java code, j=interpreted, Vv=VM code, C=native code)


Current CompileTask:
C2: 927855 13373       4       sun.reflect.ClassFileAssembler::emitConstantPoolNameAndType (28 bytes)


---------------  P R O C E S S  ---------------

Java Threads: ( => current thread )
  0x000000001bdbc800 JavaThread "GC Daemon" daemon [_thread_blocked, id=29848, stack(0x0000000030f80000,0x0000000031080000)]
  0x000000001bdba000 JavaThread "RMI RenewClean-[127.0.0.1:17297,org.jetbrains.kotlin.daemon.common.LoopbackNetworkInterface$ClientLoopbackSocketFactory@9a7bf70]" daemon [_thread_blocked, id=26892, stack(0x0000000030e80000,0x0000000030f80000)]
  0x000000001bdbb000 JavaThread "RMI Scheduler(0)" daemon [_thread_blocked, id=26792, stack(0x0000000030d80000,0x0000000030e80000)]
  0x000000001bdbe000 JavaThread "Cache worker for execution history cache (C:\AndroidProjects\.gradle\6.5\executionHistory)" [_thread_blocked, id=14248, stack(0x0000000030a80000,0x0000000030b80000)]
  0x000000001bdb1800 JavaThread "Execution worker for ':' Thread 11" [_thread_in_native, id=25484, stack(0x0000000030380000,0x0000000030480000)]
  0x000000001bdb8800 JavaThread "Execution worker for ':' Thread 10" [_thread_blocked, id=20264, stack(0x0000000030280000,0x0000000030380000)]
  0x000000001bdb7000 JavaThread "Execution worker for ':' Thread 9" [_thread_blocked, id=28228, stack(0x0000000030180000,0x0000000030280000)]
  0x000000001bdb6000 JavaThread "Execution worker for ':' Thread 8" [_thread_blocked, id=12996, stack(0x0000000030080000,0x0000000030180000)]
  0x000000001bdb2800 JavaThread "Execution worker for ':' Thread 7" [_thread_blocked, id=14628, stack(0x000000002ff80000,0x0000000030080000)]
  0x000000001bdb4800 JavaThread "Execution worker for ':' Thread 6" [_thread_blocked, id=15932, stack(0x000000002fe80000,0x000000002ff80000)]
  0x000000001bdb4000 JavaThread "Execution worker for ':' Thread 5" [_thread_blocked, id=15684, stack(0x000000002fd80000,0x000000002fe80000)]
  0x000000001bdb1000 JavaThread "Execution worker for ':' Thread 4" [_thread_blocked, id=22996, stack(0x000000002fc80000,0x000000002fd80000)]
  0x000000001bdb7800 JavaThread "Execution worker for ':' Thread 3" [_thread_blocked, id=8772, stack(0x000000002f580000,0x000000002f680000)]
  0x000000001bdb3000 JavaThread "Execution worker for ':' Thread 2" [_thread_blocked, id=9168, stack(0x000000002e030000,0x000000002e130000)]
  0x000000001bdb5800 JavaThread "Execution worker for ':'" [_thread_blocked, id=26320, stack(0x000000002d930000,0x000000002da30000)]
  0x000000001b052000 JavaThread "Cache worker for file content cache (C:\AndroidProjects\.gradle\6.5\fileContent)" [_thread_blocked, id=13200, stack(0x000000002d630000,0x000000002d730000)]
  0x000000001b056800 JavaThread "Cache worker for Build Output Cleanup Cache (C:\AndroidProjects\.gradle\buildOutputCleanup)" [_thread_blocked, id=27572, stack(0x000000002d430000,0x000000002d530000)]
  0x000000001b80a000 JavaThread "Build operations Thread 12" [_thread_blocked, id=8600, stack(0x0000000026030000,0x0000000026130000)]
  0x000000001b808800 JavaThread "Build operations Thread 11" [_thread_blocked, id=2720, stack(0x0000000025f30000,0x0000000026030000)]
  0x000000001b80a800 JavaThread "Build operations Thread 10" [_thread_blocked, id=15040, stack(0x0000000025e30000,0x0000000025f30000)]
  0x000000001b80d800 JavaThread "Build operations Thread 9" [_thread_blocked, id=30496, stack(0x0000000025d30000,0x0000000025e30000)]
  0x000000002255c800 JavaThread "Build operations Thread 8" [_thread_blocked, id=11388, stack(0x0000000024b90000,0x0000000024c90000)]
  0x000000002255c000 JavaThread "Build operations Thread 7" [_thread_blocked, id=16364, stack(0x0000000024a90000,0x0000000024b90000)]
  0x0000000022559800 JavaThread "Build operations Thread 6" [_thread_blocked, id=24156, stack(0x0000000024990000,0x0000000024a90000)]
  0x0000000022559000 JavaThread "Build operations Thread 5" [_thread_blocked, id=23092, stack(0x0000000024890000,0x0000000024990000)]
  0x000000002255e000 JavaThread "Build operations Thread 4" [_thread_blocked, id=3352, stack(0x00000000230c0000,0x00000000231c0000)]
  0x0000000022558000 JavaThread "Build operations Thread 3" [_thread_blocked, id=22448, stack(0x00000000228c0000,0x00000000229c0000)]
  0x000000002255a800 JavaThread "Build operations Thread 2" [_thread_blocked, id=4348, stack(0x00000000227c0000,0x00000000228c0000)]
  0x0000000022557000 JavaThread "Build operations" [_thread_blocked, id=21680, stack(0x00000000226c0000,0x00000000227c0000)]
  0x000000002255b000 JavaThread "Cache worker for cache directory md-rule (C:\Users\Barren Wolfsbane\.gradle\caches\6.5\md-rule)" [_thread_blocked, id=19636, stack(0x0000000021560000,0x0000000021660000)]
  0x000000002254f800 JavaThread "Cache worker for cache directory md-supplier (C:\Users\Barren Wolfsbane\.gradle\caches\6.5\md-supplier)" [_thread_blocked, id=516, stack(0x000000001e9c0000,0x000000001eac0000)]
  0x0000000022556800 JavaThread "Cache worker for checksums cache (C:\AndroidProjects\.gradle\checksums)" [_thread_blocked, id=21664, stack(0x000000001e6c0000,0x000000001e7c0000)]
  0x000000002254f000 JavaThread "Cache worker for file hash cache (C:\AndroidProjects\.gradle\6.5\fileHashes)" [_thread_blocked, id=1872, stack(0x000000001e5c0000,0x000000001e6c0000)]
  0x0000000022551000 JavaThread "Thread-497" [_thread_blocked, id=19964, stack(0x000000001e4c0000,0x000000001e5c0000)]
  0x0000000022550800 JavaThread "Stdin handler" [_thread_blocked, id=14244, stack(0x000000001e0c0000,0x000000001e1c0000)]
  0x0000000022555800 JavaThread "Asynchronous log dispatcher for DefaultDaemonConnection: socket connection from /127.0.0.1:61999 to /127.0.0.1:63648" [_thread_blocked, id=11172, stack(0x000000001dc80000,0x000000001dd80000)]
  0x0000000022555000 JavaThread "Cancel handler" [_thread_blocked, id=8120, stack(0x0000000000a80000,0x0000000000b80000)]
  0x0000000022552000 JavaThread "Handler for socket connection from /127.0.0.1:61999 to /127.0.0.1:63648" [_thread_in_native, id=28604, stack(0x0000000000980000,0x0000000000a80000)]
  0x000000001b80d000 JavaThread "jar transforms Thread 341" [_thread_blocked, id=19316, stack(0x000000002d330000,0x000000002d430000)]
  0x000000001b807800 JavaThread "jar transforms Thread 340" [_thread_blocked, id=14944, stack(0x000000002d230000,0x000000002d330000)]
  0x000000001b805800 JavaThread "jar transforms Thread 339" [_thread_blocked, id=21744, stack(0x000000002d130000,0x000000002d230000)]
  0x000000001b807000 JavaThread "jar transforms Thread 338" [_thread_blocked, id=16360, stack(0x000000002d030000,0x000000002d130000)]
  0x000000001b809000 JavaThread "jar transforms Thread 337" [_thread_blocked, id=22536, stack(0x000000002cf30000,0x000000002d030000)]
  0x000000001b80b800 JavaThread "jar transforms Thread 336" [_thread_blocked, id=9104, stack(0x000000002ce30000,0x000000002cf30000)]
  0x000000001b80c000 JavaThread "jar transforms Thread 335" [_thread_blocked, id=24148, stack(0x000000002cd30000,0x000000002ce30000)]
  0x000000001b7ff800 JavaThread "jar transforms Thread 334" [_thread_blocked, id=26720, stack(0x000000002cc30000,0x000000002cd30000)]
  0x000000001b804800 JavaThread "jar transforms Thread 333" [_thread_blocked, id=27800, stack(0x000000002cb30000,0x000000002cc30000)]
  0x000000001b806000 JavaThread "jar transforms Thread 332" [_thread_blocked, id=29344, stack(0x000000002ca30000,0x000000002cb30000)]
  0x000000001b804000 JavaThread "jar transforms Thread 331" [_thread_blocked, id=14272, stack(0x000000002c930000,0x000000002ca30000)]
  0x000000001b802800 JavaThread "jar transforms Thread 330" [_thread_blocked, id=25164, stack(0x000000002c830000,0x000000002c930000)]
  0x000000001b801000 JavaThread "jar transforms Thread 329" [_thread_blocked, id=3328, stack(0x000000002c730000,0x000000002c830000)]
  0x000000001b7fe800 JavaThread "jar transforms Thread 328" [_thread_blocked, id=13516, stack(0x000000002c630000,0x000000002c730000)]
  0x000000001b800000 JavaThread "jar transforms Thread 327" [_thread_blocked, id=28100, stack(0x000000002c530000,0x000000002c630000)]
  0x000000001b803000 JavaThread "jar transforms Thread 326" [_thread_blocked, id=26696, stack(0x000000002c430000,0x000000002c530000)]
  0x000000001b801800 JavaThread "jar transforms Thread 325" [_thread_blocked, id=26040, stack(0x000000002c330000,0x000000002c430000)]
  0x0000000020fd9800 JavaThread "jar transforms Thread 324" [_thread_blocked, id=9568, stack(0x000000002c230000,0x000000002c330000)]
  0x0000000020fd7800 JavaThread "jar transforms Thread 323" [_thread_blocked, id=12936, stack(0x000000002c130000,0x000000002c230000)]
  0x0000000020fd4000 JavaThread "jar transforms Thread 322" [_thread_blocked, id=14328, stack(0x000000002c030000,0x000000002c130000)]
  0x0000000020fd6800 JavaThread "jar transforms Thread 321" [_thread_blocked, id=9280, stack(0x000000002bf30000,0x000000002c030000)]
  0x0000000020fd9000 JavaThread "jar transforms Thread 320" [_thread_blocked, id=13460, stack(0x000000002be30000,0x000000002bf30000)]
  0x0000000020fd8000 JavaThread "jar transforms Thread 319" [_thread_blocked, id=16940, stack(0x000000002bd30000,0x000000002be30000)]
  0x0000000020fd5000 JavaThread "jar transforms Thread 318" [_thread_blocked, id=18204, stack(0x000000002bc30000,0x000000002bd30000)]
  0x0000000020fd5800 JavaThread "jar transforms Thread 317" [_thread_blocked, id=5728, stack(0x000000002bb30000,0x000000002bc30000)]
  0x0000000020fcd800 JavaThread "jar transforms Thread 316" [_thread_blocked, id=12976, stack(0x000000002ba30000,0x000000002bb30000)]
  0x0000000020fd2800 JavaThread "jar transforms Thread 315" [_thread_blocked, id=6408, stack(0x000000002b930000,0x000000002ba30000)]
  0x0000000020fd2000 JavaThread "jar transforms Thread 314" [_thread_blocked, id=3348, stack(0x000000002b730000,0x000000002b830000)]
  0x0000000020fd3800 JavaThread "jar transforms Thread 313" [_thread_blocked, id=16640, stack(0x000000002b630000,0x000000002b730000)]
  0x0000000020fce000 JavaThread "jar transforms Thread 312" [_thread_blocked, id=15956, stack(0x000000002b530000,0x000000002b630000)]
  0x0000000020fcc800 JavaThread "jar transforms Thread 311" [_thread_blocked, id=26788, stack(0x000000002b430000,0x000000002b530000)]
  0x0000000020fcb000 JavaThread "jar transforms Thread 310" [_thread_blocked, id=19256, stack(0x000000002b330000,0x000000002b430000)]
  0x0000000020fca800 JavaThread "jar transforms Thread 309" [_thread_blocked, id=26000, stack(0x000000002b230000,0x000000002b330000)]
  0x0000000020fcc000 JavaThread "jar transforms Thread 308" [_thread_blocked, id=9080, stack(0x000000002b130000,0x000000002b230000)]
  0x0000000020fcf000 JavaThread "jar transforms Thread 307" [_thread_blocked, id=9156, stack(0x000000002b030000,0x000000002b130000)]
  0x0000000020fd1000 JavaThread "jar transforms Thread 306" [_thread_blocked, id=536, stack(0x000000002af30000,0x000000002b030000)]
  0x0000000020fd0800 JavaThread "jar transforms Thread 305" [_thread_blocked, id=24656, stack(0x000000002ae30000,0x000000002af30000)]
  0x0000000020fcf800 JavaThread "jar transforms Thread 304" [_thread_blocked, id=13032, stack(0x000000002ad30000,0x000000002ae30000)]
  0x000000001f845800 JavaThread "jar transforms Thread 303" [_thread_blocked, id=24852, stack(0x000000002ac30000,0x000000002ad30000)]
  0x000000001f845000 JavaThread "jar transforms Thread 302" [_thread_blocked, id=2768, stack(0x000000002ab30000,0x000000002ac30000)]
  0x000000001f844000 JavaThread "jar transforms Thread 301" [_thread_blocked, id=18712, stack(0x000000002aa30000,0x000000002ab30000)]
  0x000000001f843800 JavaThread "jar transforms Thread 300" [_thread_blocked, id=6352, stack(0x000000002a930000,0x000000002aa30000)]
  0x000000001f842800 JavaThread "jar transforms Thread 299" [_thread_blocked, id=2288, stack(0x000000002a830000,0x000000002a930000)]
  0x000000001f842000 JavaThread "jar transforms Thread 298" [_thread_blocked, id=27724, stack(0x000000002a730000,0x000000002a830000)]
  0x000000001f83a800 JavaThread "jar transforms Thread 297" [_thread_blocked, id=19656, stack(0x000000002a630000,0x000000002a730000)]
  0x000000001f841000 JavaThread "jar transforms Thread 296" [_thread_blocked, id=16704, stack(0x000000002a530000,0x000000002a630000)]
  0x000000001f840800 JavaThread "jar transforms Thread 295" [_thread_blocked, id=16852, stack(0x000000002a430000,0x000000002a530000)]
  0x000000001f839000 JavaThread "jar transforms Thread 294" [_thread_blocked, id=29592, stack(0x000000002a330000,0x000000002a430000)]
  0x000000001f83f800 JavaThread "jar transforms Thread 293" [_thread_blocked, id=6080, stack(0x000000002a230000,0x000000002a330000)]
  0x000000001f83f000 JavaThread "jar transforms Thread 292" [_thread_blocked, id=22712, stack(0x000000002a130000,0x000000002a230000)]
  0x000000001f837800 JavaThread "jar transforms Thread 291" [_thread_blocked, id=17548, stack(0x000000002a030000,0x000000002a130000)]
  0x000000001f83e000 JavaThread "jar transforms Thread 290" [_thread_blocked, id=7524, stack(0x0000000029f30000,0x000000002a030000)]
  0x000000001f836800 JavaThread "jar transforms Thread 289" [_thread_blocked, id=29120, stack(0x0000000029e30000,0x0000000029f30000)]
  0x000000001f839800 JavaThread "jar transforms Thread 288" [_thread_blocked, id=24480, stack(0x0000000029d30000,0x0000000029e30000)]
  0x000000001f83c000 JavaThread "jar transforms Thread 287" [_thread_blocked, id=16288, stack(0x0000000029c30000,0x0000000029d30000)]
  0x000000001f83d800 JavaThread "jar transforms Thread 286" [_thread_blocked, id=14868, stack(0x0000000029b30000,0x0000000029c30000)]
  0x000000001f838000 JavaThread "jar transforms Thread 285" [_thread_blocked, id=23384, stack(0x0000000029a30000,0x0000000029b30000)]
  0x000000001f83b000 JavaThread "jar transforms Thread 284" [_thread_blocked, id=20072, stack(0x0000000029930000,0x0000000029a30000)]
  0x000000001f83c800 JavaThread "jar transforms Thread 283" [_thread_blocked, id=21652, stack(0x0000000029830000,0x0000000029930000)]
  0x0000000023bd4000 JavaThread "jar transforms Thread 282" [_thread_blocked, id=16724, stack(0x0000000029730000,0x0000000029830000)]
  0x0000000023bd5800 JavaThread "jar transforms Thread 281" [_thread_blocked, id=26432, stack(0x0000000029630000,0x0000000029730000)]
  0x0000000023bd0800 JavaThread "jar transforms Thread 280" [_thread_blocked, id=12776, stack(0x0000000029530000,0x0000000029630000)]
  0x0000000023bd3800 JavaThread "jar transforms Thread 279" [_thread_blocked, id=20020, stack(0x0000000029430000,0x0000000029530000)]
  0x0000000023bd5000 JavaThread "jar transforms Thread 278" [_thread_blocked, id=28700, stack(0x0000000029330000,0x0000000029430000)]
  0x0000000023bcf800 JavaThread "jar transforms Thread 277" [_thread_blocked, id=12732, stack(0x0000000029230000,0x0000000029330000)]
  0x0000000023bd6800 JavaThread "jar transforms Thread 276" [_thread_blocked, id=18284, stack(0x0000000029130000,0x0000000029230000)]
  0x0000000023bd2800 JavaThread "jar transforms Thread 275" [_thread_blocked, id=29180, stack(0x0000000029030000,0x0000000029130000)]
  0x0000000023bd2000 JavaThread "jar transforms Thread 274" [_thread_blocked, id=22396, stack(0x0000000028f30000,0x0000000029030000)]
  0x0000000023bcf000 JavaThread "jar transforms Thread 273" [_thread_blocked, id=27184, stack(0x0000000028e30000,0x0000000028f30000)]
  0x0000000023bce000 JavaThread "jar transforms Thread 272" [_thread_blocked, id=8284, stack(0x0000000028d30000,0x0000000028e30000)]
  0x0000000023bd1000 JavaThread "jar transforms Thread 271" [_thread_blocked, id=16992, stack(0x0000000028c30000,0x0000000028d30000)]
  0x0000000023bc7800 JavaThread "jar transforms Thread 270" [_thread_blocked, id=13452, stack(0x0000000028b30000,0x0000000028c30000)]
  0x0000000023bcd800 JavaThread "jar transforms Thread 269" [_thread_blocked, id=17928, stack(0x0000000028a30000,0x0000000028b30000)]
  0x0000000023bcc800 JavaThread "jar transforms Thread 268" [_thread_blocked, id=14520, stack(0x0000000028930000,0x0000000028a30000)]
  0x0000000023bcb000 JavaThread "jar transforms Thread 267" [_thread_blocked, id=29216, stack(0x0000000028830000,0x0000000028930000)]
  0x0000000023bca800 JavaThread "jar transforms Thread 266" [_thread_blocked, id=26140, stack(0x0000000028730000,0x0000000028830000)]
  0x0000000023bcc000 JavaThread "jar transforms Thread 265" [_thread_blocked, id=14176, stack(0x0000000028630000,0x0000000028730000)]
  0x0000000023bc9800 JavaThread "jar transforms Thread 264" [_thread_blocked, id=10084, stack(0x0000000028530000,0x0000000028630000)]
  0x0000000023bc9000 JavaThread "jar transforms Thread 263" [_thread_blocked, id=1676, stack(0x0000000028430000,0x0000000028530000)]
  0x0000000023bc8000 JavaThread "jar transforms Thread 262" [_thread_blocked, id=26112, stack(0x0000000028330000,0x0000000028430000)]
  0x000000001cab4800 JavaThread "jar transforms Thread 261" [_thread_blocked, id=9236, stack(0x0000000028230000,0x0000000028330000)]
  0x000000001cab8000 JavaThread "jar transforms Thread 260" [_thread_blocked, id=9536, stack(0x0000000028130000,0x0000000028230000)]
  0x000000001cab3800 JavaThread "jar transforms Thread 259" [_thread_blocked, id=10132, stack(0x0000000028030000,0x0000000028130000)]
  0x000000001cab2000 JavaThread "jar transforms Thread 258" [_thread_blocked, id=16340, stack(0x0000000027f30000,0x0000000028030000)]
  0x000000001cab7800 JavaThread "jar transforms Thread 257" [_thread_blocked, id=9996, stack(0x0000000027e30000,0x0000000027f30000)]
  0x00000000219d4000 JavaThread "jar transforms Thread 256" [_thread_blocked, id=16988, stack(0x0000000027d30000,0x0000000027e30000)]
  0x00000000219d3800 JavaThread "jar transforms Thread 255" [_thread_blocked, id=19684, stack(0x0000000027c30000,0x0000000027d30000)]
  0x00000000219d1000 JavaThread "jar transforms Thread 254" [_thread_blocked, id=21040, stack(0x0000000027b30000,0x0000000027c30000)]
  0x00000000219d5000 JavaThread "jar transforms Thread 253" [_thread_blocked, id=512, stack(0x0000000027a30000,0x0000000027b30000)]
  0x00000000219d6800 JavaThread "jar transforms Thread 252" [_thread_blocked, id=16068, stack(0x0000000027930000,0x0000000027a30000)]
  0x00000000219cb800 JavaThread "jar transforms Thread 251" [_thread_blocked, id=28220, stack(0x0000000027830000,0x0000000027930000)]
  0x00000000219d2800 JavaThread "jar transforms Thread 250" [_thread_blocked, id=28840, stack(0x0000000027730000,0x0000000027830000)]
  0x00000000219cb000 JavaThread "jar transforms Thread 249" [_thread_blocked, id=9436, stack(0x0000000027630000,0x0000000027730000)]
  0x00000000219d2000 JavaThread "jar transforms Thread 248" [_thread_blocked, id=6916, stack(0x0000000027530000,0x0000000027630000)]
  0x00000000219d0800 JavaThread "jar transforms Thread 247" [_thread_blocked, id=22780, stack(0x0000000027430000,0x0000000027530000)]
  0x00000000219c9800 JavaThread "jar transforms Thread 246" [_thread_blocked, id=3524, stack(0x0000000027330000,0x0000000027430000)]
  0x00000000219cf000 JavaThread "jar transforms Thread 245" [_thread_blocked, id=19944, stack(0x0000000027230000,0x0000000027330000)]
  0x00000000219c8800 JavaThread "jar transforms Thread 244" [_thread_blocked, id=508, stack(0x0000000027130000,0x0000000027230000)]
  0x00000000219ca000 JavaThread "jar transforms Thread 243" [_thread_blocked, id=9960, stack(0x0000000027030000,0x0000000027130000)]
  0x00000000219cf800 JavaThread "jar transforms Thread 242" [_thread_blocked, id=16976, stack(0x0000000026f30000,0x0000000027030000)]
  0x00000000219cd800 JavaThread "jar transforms Thread 241" [_thread_blocked, id=27308, stack(0x0000000026e30000,0x0000000026f30000)]
  0x000000001b05e000 JavaThread "jar transforms Thread 240" [_thread_blocked, id=29844, stack(0x0000000026d30000,0x0000000026e30000)]
  0x000000001b05c800 JavaThread "jar transforms Thread 239" [_thread_blocked, id=21372, stack(0x0000000026c30000,0x0000000026d30000)]
  0x000000001b05d000 JavaThread "jar transforms Thread 238" [_thread_blocked, id=25680, stack(0x0000000026b30000,0x0000000026c30000)]
  0x000000001b05b000 JavaThread "jar transforms Thread 237" [_thread_blocked, id=14424, stack(0x0000000026a30000,0x0000000026b30000)]
  0x000000001b058800 JavaThread "jar transforms Thread 236" [_thread_blocked, id=24332, stack(0x0000000026930000,0x0000000026a30000)]
  0x000000001b059800 JavaThread "jar transforms Thread 235" [_thread_blocked, id=14480, stack(0x0000000026830000,0x0000000026930000)]
  0x000000001b05a000 JavaThread "jar transforms Thread 234" [_thread_blocked, id=24976, stack(0x0000000026730000,0x0000000026830000)]
  0x000000001b05b800 JavaThread "jar transforms Thread 233" [_thread_blocked, id=19548, stack(0x0000000026630000,0x0000000026730000)]
  0x000000001b058000 JavaThread "jar transforms Thread 232" [_thread_blocked, id=23412, stack(0x0000000026530000,0x0000000026630000)]
  0x000000001b057000 JavaThread "jar transforms Thread 231" [_thread_blocked, id=19096, stack(0x0000000026430000,0x0000000026530000)]
  0x000000001b04f800 JavaThread "jar transforms Thread 230" [_thread_blocked, id=12788, stack(0x0000000026330000,0x0000000026430000)]
  0x000000001b050800 JavaThread "jar transforms Thread 229" [_thread_blocked, id=13048, stack(0x0000000026230000,0x0000000026330000)]
  0x000000001b055000 JavaThread "jar transforms Thread 228" [_thread_blocked, id=14124, stack(0x0000000026130000,0x0000000026230000)]
  0x0000000022554000 JavaThread "Daemon worker Thread 2" [_thread_blocked, id=22164, stack(0x000000001db80000,0x000000001dc80000)]
  0x0000000022553800 JavaThread "Daemon Thread 2" [_thread_blocked, id=28240, stack(0x0000000000880000,0x0000000000980000)]
  0x000000002255d800 JavaThread "Memory manager" [_thread_blocked, id=10756, stack(0x000000002eb50000,0x000000002ec50000)]
  0x000000001cab6800 JavaThread "Cache worker for file content cache (C:\Users\Barren Wolfsbane\.gradle\caches\6.5\fileContent)" [_thread_blocked, id=23344, stack(0x00000000231c0000,0x00000000232c0000)]
  0x000000001cab3000 JavaThread "Cache worker for execution history cache (C:\Users\Barren Wolfsbane\.gradle\caches\6.5\executionHistory)" [_thread_blocked, id=13652, stack(0x00000000229c0000,0x0000000022ac0000)]
  0x000000001cab5000 JavaThread "Cache worker for file hash cache (C:\Users\Barren Wolfsbane\.gradle\caches\6.5\fileHashes)" [_thread_blocked, id=24164, stack(0x000000001eec0000,0x000000001efc0000)]
  0x000000001cab1800 JavaThread "File lock request listener" [_thread_in_native, id=15304, stack(0x000000001edc0000,0x000000001eec0000)]
  0x000000001cc42800 JavaThread "Cache worker for journal cache (C:\Users\Barren Wolfsbane\.gradle\caches\journal-1)" [_thread_blocked, id=18668, stack(0x000000001ecc0000,0x000000001edc0000)]
  0x000000001c8e6800 JavaThread "Daemon periodic checks" [_thread_blocked, id=21512, stack(0x000000001dfc0000,0x000000001e0c0000)]
  0x000000001bbcb000 JavaThread "Incoming local TCP Connector on port 61999" [_thread_in_native, id=1172, stack(0x000000001dd80000,0x000000001de80000)]
  0x000000001c7a0800 JavaThread "Daemon health stats" [_thread_blocked, id=844, stack(0x000000001d740000,0x000000001d840000)]
  0x00000000191e8000 JavaThread "Service Thread" daemon [_thread_blocked, id=24300, stack(0x000000001aba0000,0x000000001aca0000)]
  0x0000000019162000 JavaThread "C1 CompilerThread3" daemon [_thread_in_native, id=10192, stack(0x000000001aaa0000,0x000000001aba0000)]
=>0x0000000019160800 JavaThread "C2 CompilerThread2" daemon [_thread_in_native, id=29292, stack(0x000000001a9a0000,0x000000001aaa0000)]
  0x000000001915b000 JavaThread "C2 CompilerThread1" daemon [_thread_blocked, id=28644, stack(0x000000001a8a0000,0x000000001a9a0000)]
  0x000000001914b800 JavaThread "C2 CompilerThread0" daemon [_thread_blocked, id=25000, stack(0x000000001a7a0000,0x000000001a8a0000)]
  0x0000000019143000 JavaThread "Attach Listener" daemon [_thread_blocked, id=13044, stack(0x000000001a6a0000,0x000000001a7a0000)]
  0x0000000019142000 JavaThread "Signal Dispatcher" daemon [_thread_blocked, id=14800, stack(0x000000001a5a0000,0x000000001a6a0000)]
  0x0000000017a61800 JavaThread "Finalizer" daemon [_thread_blocked, id=12460, stack(0x000000001a3a0000,0x000000001a4a0000)]
  0x0000000019133000 JavaThread "Reference Handler" daemon [_thread_blocked, id=13080, stack(0x000000001a2a0000,0x000000001a3a0000)]
  0x00000000026f2800 JavaThread "main" [_thread_blocked, id=25116, stack(0x00000000025b0000,0x00000000026b0000)]

Other Threads:
  0x0000000017a55800 VMThread [stack: 0x000000001a1a0000,0x000000001a2a0000] [id=22552]
  0x00000000191a7000 WatcherThread [stack: 0x000000001aca0000,0x000000001ada0000] [id=21736]

VM state:not at safepoint (normal execution)

VM Mutex/Monitor currently owned by a thread:  ([mutex/lock_event])
[0x00000000026ee230] CompiledIC_lock - owner thread: 0x0000000000000000

heap address: 0x0000000080000000, size: 2048 MB, Compressed Oops mode: 32-bit
Narrow klass base: 0x0000000000000000, Narrow klass shift: 3
Compressed class space size: 1073741824 Address: 0x0000000100000000

Heap:
 PSYoungGen      total 355840K, used 61804K [0x00000000d5580000, 0x00000000f1400000, 0x0000000100000000)
  eden space 326144K, 9% used [0x00000000d5580000,0x00000000d7522758,0x00000000e9400000)
  from space 29696K, 99% used [0x00000000ef700000,0x00000000f13b8a90,0x00000000f1400000)
  to   space 38912K, 0% used [0x00000000ec800000,0x00000000ec800000,0x00000000eee00000)
 ParOldGen       total 786432K, used 46138K [0x0000000080000000, 0x00000000b0000000, 0x00000000d5580000)
  object space 786432K, 5% used [0x0000000080000000,0x0000000082d0e8e0,0x00000000b0000000)
 Metaspace       used 82525K, capacity 86542K, committed 86696K, reserved 1124352K
  class space    used 10819K, capacity 11585K, committed 11696K, reserved 1048576K

Card table byte_map: [0x0000000011bb0000,0x0000000011fc0000] byte_map_base: 0x00000000117b0000

Marking Bits: (ParMarkBitMap*) 0x0000000061a7f030
 Begin Bits: [0x0000000012c70000, 0x0000000014c70000)
 End Bits:   [0x0000000014c70000, 0x0000000016c70000)

Polling page: 0x0000000000c80000

CodeCache: size=245760Kb used=36193Kb max_used=36393Kb free=209566Kb
 bounds [0x00000000027f0000, 0x0000000004be0000, 0x00000000117f0000]
 total_blobs=12119 nmethods=11229 adapters=802
 compilation: enabled

Compilation events (10 events):
Event: 927.838 Thread 0x0000000019162000 nmethod 13368 0x0000000002913150 code [0x0000000002913300, 0x0000000002913a08]
Event: 927.839 Thread 0x0000000019162000 13369   !   3       java.io.ObjectStreamClass::getReflector (336 bytes)
Event: 927.842 Thread 0x0000000019162000 nmethod 13369 0x00000000038c4990 code [0x00000000038c4e40, 0x00000000038c8378]
Event: 927.843 Thread 0x0000000019162000 13371       3       java.io.ObjectInputStream$HandleTable::lookupException (29 bytes)
Event: 927.843 Thread 0x0000000019162000 nmethod 13371 0x0000000002c19110 code [0x0000000002c19280, 0x0000000002c195b0]
Event: 927.845 Thread 0x0000000019162000 13370   !   3       java.io.ObjectInputStream$BlockDataInputStream::readBlockHeader (249 bytes)
Event: 927.847 Thread 0x0000000019162000 nmethod 13370 0x00000000043e2c90 code [0x00000000043e3060, 0x00000000043e4ef8]
Event: 927.848 Thread 0x0000000019162000 13372       3       sun.security.provider.DigestBase::<init> (27 bytes)
Event: 927.849 Thread 0x0000000019162000 nmethod 13372 0x00000000033a5610 code [0x00000000033a5780, 0x00000000033a5a50]
Event: 927.850 Thread 0x0000000019160800 13373       4       sun.reflect.ClassFileAssembler::emitConstantPoolNameAndType (28 bytes)

GC Heap History (10 events):
Event: 10.256 GC heap before
{Heap before GC invocations=7 (full 2):
 PSYoungGen      total 272384K, used 190784K [0x00000000d5580000, 0x00000000e9e80000, 0x0000000100000000)
  eden space 256512K, 68% used [0x00000000d5580000,0x00000000e006c4e0,0x00000000e5000000)
  from space 15872K, 99% used [0x00000000e8f00000,0x00000000e9e63c90,0x00000000e9e80000)
  to   space 32768K, 0% used [0x00000000e5e80000,0x00000000e5e80000,0x00000000e7e80000)
 ParOldGen       total 536064K, used 22824K [0x0000000080000000, 0x00000000a0b80000, 0x00000000d5580000)
  object space 536064K, 4% used [0x0000000080000000,0x000000008164a2a0,0x00000000a0b80000)
 Metaspace       used 56873K, capacity 59080K, committed 59160K, reserved 1099776K
  class space    used 7570K, capacity 8043K, committed 8112K, reserved 1048576K
Event: 10.289 GC heap after
Heap after GC invocations=7 (full 2):
 PSYoungGen      total 304128K, used 27097K [0x00000000d5580000, 0x00000000ed000000, 0x0000000100000000)
  eden space 271360K, 0% used [0x00000000d5580000,0x00000000d5580000,0x00000000e5e80000)
  from space 32768K, 82% used [0x00000000e5e80000,0x00000000e78f66b0,0x00000000e7e80000)
  to   space 27136K, 0% used [0x00000000eb580000,0x00000000eb580000,0x00000000ed000000)
 ParOldGen       total 536064K, used 22896K [0x0000000080000000, 0x00000000a0b80000, 0x00000000d5580000)
  object space 536064K, 4% used [0x0000000080000000,0x000000008165c2b0,0x00000000a0b80000)
 Metaspace       used 56873K, capacity 59080K, committed 59160K, reserved 1099776K
  class space    used 7570K, capacity 8043K, committed 8112K, reserved 1048576K
}
Event: 10.289 GC heap before
{Heap before GC invocations=8 (full 3):
 PSYoungGen      total 304128K, used 27097K [0x00000000d5580000, 0x00000000ed000000, 0x0000000100000000)
  eden space 271360K, 0% used [0x00000000d5580000,0x00000000d5580000,0x00000000e5e80000)
  from space 32768K, 82% used [0x00000000e5e80000,0x00000000e78f66b0,0x00000000e7e80000)
  to   space 27136K, 0% used [0x00000000eb580000,0x00000000eb580000,0x00000000ed000000)
 ParOldGen       total 536064K, used 22896K [0x0000000080000000, 0x00000000a0b80000, 0x00000000d5580000)
  object space 536064K, 4% used [0x0000000080000000,0x000000008165c2b0,0x00000000a0b80000)
 Metaspace       used 56873K, capacity 59080K, committed 59160K, reserved 1099776K
  class space    used 7570K, capacity 8043K, committed 8112K, reserved 1048576K
Event: 10.591 GC heap after
Heap after GC invocations=8 (full 3):
 PSYoungGen      total 304128K, used 0K [0x00000000d5580000, 0x00000000ed000000, 0x0000000100000000)
  eden space 271360K, 0% used [0x00000000d5580000,0x00000000d5580000,0x00000000e5e80000)
  from space 32768K, 0% used [0x00000000e5e80000,0x00000000e5e80000,0x00000000e7e80000)
  to   space 27136K, 0% used [0x00000000eb580000,0x00000000eb580000,0x00000000ed000000)
 ParOldGen       total 786432K, used 39377K [0x0000000080000000, 0x00000000b0000000, 0x00000000d5580000)
  object space 786432K, 5% used [0x0000000080000000,0x0000000082674448,0x00000000b0000000)
 Metaspace       used 56825K, capacity 58918K, committed 59160K, reserved 1099776K
  class space    used 7555K, capacity 8016K, committed 8112K, reserved 1048576K
}
Event: 15.028 GC heap before
{Heap before GC invocations=9 (full 3):
 PSYoungGen      total 304128K, used 271360K [0x00000000d5580000, 0x00000000ed000000, 0x0000000100000000)
  eden space 271360K, 100% used [0x00000000d5580000,0x00000000e5e80000,0x00000000e5e80000)
  from space 32768K, 0% used [0x00000000e5e80000,0x00000000e5e80000,0x00000000e7e80000)
  to   space 27136K, 0% used [0x00000000eb580000,0x00000000eb580000,0x00000000ed000000)
 ParOldGen       total 786432K, used 39377K [0x0000000080000000, 0x00000000b0000000, 0x00000000d5580000)
  object space 786432K, 5% used [0x0000000080000000,0x0000000082674448,0x00000000b0000000)
 Metaspace       used 70181K, capacity 73404K, committed 73512K, reserved 1112064K
  class space    used 9566K, capacity 10182K, committed 10288K, reserved 1048576K
Event: 15.056 GC heap after
Heap after GC invocations=9 (full 3):
 PSYoungGen      total 357888K, used 24594K [0x00000000d5580000, 0x00000000ed380000, 0x0000000100000000)
  eden space 330752K, 0% used [0x00000000d5580000,0x00000000d5580000,0x00000000e9880000)
  from space 27136K, 90% used [0x00000000eb580000,0x00000000ecd84a40,0x00000000ed000000)
  to   space 29696K, 0% used [0x00000000e9880000,0x00000000e9880000,0x00000000eb580000)
 ParOldGen       total 786432K, used 39385K [0x0000000080000000, 0x00000000b0000000, 0x00000000d5580000)
  object space 786432K, 5% used [0x0000000080000000,0x0000000082676448,0x00000000b0000000)
 Metaspace       used 70181K, capacity 73404K, committed 73512K, reserved 1112064K
  class space    used 9566K, capacity 10182K, committed 10288K, reserved 1048576K
}
Event: 68.567 GC heap before
{Heap before GC invocations=10 (full 3):
 PSYoungGen      total 357888K, used 355346K [0x00000000d5580000, 0x00000000ed380000, 0x0000000100000000)
  eden space 330752K, 100% used [0x00000000d5580000,0x00000000e9880000,0x00000000e9880000)
  from space 27136K, 90% used [0x00000000eb580000,0x00000000ecd84a40,0x00000000ed000000)
  to   space 29696K, 0% used [0x00000000e9880000,0x00000000e9880000,0x00000000eb580000)
 ParOldGen       total 786432K, used 39385K [0x0000000080000000, 0x00000000b0000000, 0x00000000d5580000)
  object space 786432K, 5% used [0x0000000080000000,0x0000000082676448,0x00000000b0000000)
 Metaspace       used 78974K, capacity 82560K, committed 82856K, reserved 1120256K
  class space    used 10440K, capacity 11128K, committed 11184K, reserved 1048576K
Event: 68.598 GC heap after
Heap after GC invocations=10 (full 3):
 PSYoungGen      total 360448K, used 29693K [0x00000000d5580000, 0x00000000f1b80000, 0x0000000100000000)
  eden space 330752K, 0% used [0x00000000d5580000,0x00000000d5580000,0x00000000e9880000)
  from space 29696K, 99% used [0x00000000e9880000,0x00000000eb57f750,0x00000000eb580000)
  to   space 37376K, 0% used [0x00000000ef700000,0x00000000ef700000,0x00000000f1b80000)
 ParOldGen       total 786432K, used 46130K [0x0000000080000000, 0x00000000b0000000, 0x00000000d5580000)
  object space 786432K, 5% used [0x0000000080000000,0x0000000082d0c8e0,0x00000000b0000000)
 Metaspace       used 78974K, capacity 82560K, committed 82856K, reserved 1120256K
  class space    used 10440K, capacity 11128K, committed 11184K, reserved 1048576K
}
Event: 926.502 GC heap before
{Heap before GC invocations=11 (full 3):
 PSYoungGen      total 360448K, used 360445K [0x00000000d5580000, 0x00000000f1b80000, 0x0000000100000000)
  eden space 330752K, 100% used [0x00000000d5580000,0x00000000e9880000,0x00000000e9880000)
  from space 29696K, 99% used [0x00000000e9880000,0x00000000eb57f750,0x00000000eb580000)
  to   space 37376K, 0% used [0x00000000ef700000,0x00000000ef700000,0x00000000f1b80000)
 ParOldGen       total 786432K, used 46130K [0x0000000080000000, 0x00000000b0000000, 0x00000000d5580000)
  object space 786432K, 5% used [0x0000000080000000,0x0000000082d0c8e0,0x00000000b0000000)
 Metaspace       used 81860K, capacity 85792K, committed 86056K, reserved 1124352K
  class space    used 10732K, capacity 11474K, committed 11568K, reserved 1048576K
Event: 926.526 GC heap after
Heap after GC invocations=11 (full 3):
 PSYoungGen      total 355840K, used 29410K [0x00000000d5580000, 0x00000000f1400000, 0x0000000100000000)
  eden space 326144K, 0% used [0x00000000d5580000,0x00000000d5580000,0x00000000e9400000)
  from space 29696K, 99% used [0x00000000ef700000,0x00000000f13b8a90,0x00000000f1400000)
  to   space 38912K, 0% used [0x00000000ec800000,0x00000000ec800000,0x00000000eee00000)
 ParOldGen       total 786432K, used 46138K [0x0000000080000000, 0x00000000b0000000, 0x00000000d5580000)
  object space 786432K, 5% used [0x0000000080000000,0x0000000082d0e8e0,0x00000000b0000000)
 Metaspace       used 81860K, capacity 85792K, committed 86056K, reserved 1124352K
  class space    used 10732K, capacity 11474K, committed 11568K, reserved 1048576K
}

Deoptimization events (10 events):
Event: 926.482 Thread 0x000000001b80a800 Uncommon trap: reason=unstable_if action=reinterpret pc=0x00000000043d5418 method=org.gradle.internal.time.MonotonicClock.advance(J)J @ 25
Event: 926.547 Thread 0x000000001b80a800 Uncommon trap: reason=unstable_if action=reinterpret pc=0x0000000003c3fb40 method=com.google.common.collect.MapMakerInternalMap$Segment.put(Ljava/lang/Object;ILjava/lang/Object;Z)Ljava/lang/Object; @ 92
Event: 927.006 Thread 0x000000001bdbf800 Uncommon trap: reason=unstable_if action=reinterpret pc=0x00000000045056d8 method=java.io.BufferedReader.readLine(Z)Ljava/lang/String; @ 265
Event: 927.006 Thread 0x000000001bdbf800 Uncommon trap: reason=unstable_if action=reinterpret pc=0x0000000004a5d8d0 method=java.io.BufferedReader.readLine(Z)Ljava/lang/String; @ 265
Event: 927.792 Thread 0x000000001bdb1800 Uncommon trap: reason=class_check action=maybe_recompile pc=0x0000000002de9900 method=java.io.DataOutputStream.write(I)V @ 5
Event: 927.792 Thread 0x000000001bdb1800 Uncommon trap: reason=class_check action=maybe_recompile pc=0x0000000002de9900 method=java.io.DataOutputStream.write(I)V @ 5
Event: 927.792 Thread 0x000000001bdb1800 Uncommon trap: reason=class_check action=maybe_recompile pc=0x0000000002de9900 method=java.io.DataOutputStream.write(I)V @ 5
Event: 927.792 Thread 0x000000001bdb1800 Uncommon trap: reason=class_check action=maybe_recompile pc=0x0000000002de9900 method=java.io.DataOutputStream.write(I)V @ 5
Event: 927.792 Thread 0x000000001bdb1800 Uncommon trap: reason=class_check action=maybe_recompile pc=0x0000000002dd45d8 method=java.io.DataOutputStream.write(I)V @ 5
Event: 927.838 Thread 0x000000001bdb1800 Uncommon trap: reason=array_check action=maybe_recompile pc=0x0000000004af7ee0 method=java.util.TimSort.binarySort([Ljava/lang/Object;IIILjava/util/Comparator;)V @ 215

Classes redefined (0 events):
No events

Internal exceptions (10 events):
Event: 926.739 Thread 0x000000001bdb1800 Exception <a 'sun/nio/fs/WindowsException'> (0x00000000d7057e68) thrown at [C:\src\AOSP-openjdk-git\hotspot\src\share\vm\prims\jni.cpp, line 710]
Event: 926.739 Thread 0x000000001bdb1800 Exception <a 'sun/nio/fs/WindowsException'> (0x00000000d7058b30) thrown at [C:\src\AOSP-openjdk-git\hotspot\src\share\vm\prims\jni.cpp, line 710]
Event: 926.739 Thread 0x000000001bdb1800 Exception <a 'sun/nio/fs/WindowsException'> (0x00000000d705a878) thrown at [C:\src\AOSP-openjdk-git\hotspot\src\share\vm\prims\jni.cpp, line 710]
Event: 926.739 Thread 0x000000001bdb1800 Exception <a 'sun/nio/fs/WindowsException'> (0x00000000d705b540) thrown at [C:\src\AOSP-openjdk-git\hotspot\src\share\vm\prims\jni.cpp, line 710]
Event: 927.018 Thread 0x000000001bdb1800 JVM_StopThread thread JavaThread 0x0000000000000000 as oop 0x00000000d725acd0 [exception 0x000000003047ac30]
Event: 927.769 Thread 0x000000001bdb1800 JVM_StopThread thread JavaThread 0x000000001bdbb800 as oop 0x00000000d7284f88 [exception 0x000000003047ac30]
Event: 927.838 Thread 0x000000001bdb1800 Exception <a 'java/lang/NoSuchMethodError': <clinit>> (0x00000000d74a5100) thrown at [C:\src\AOSP-openjdk-git\hotspot\src\share\vm\prims\jni.cpp, line 1615]
Event: 927.839 Thread 0x000000001bdb1800 Exception <a 'java/lang/NoSuchMethodError': <clinit>> (0x00000000d74b33a8) thrown at [C:\src\AOSP-openjdk-git\hotspot\src\share\vm\prims\jni.cpp, line 1615]
Event: 927.848 Thread 0x000000001bdb1800 Exception <a 'java/lang/NoSuchMethodError': <clinit>> (0x00000000d74d10a8) thrown at [C:\src\AOSP-openjdk-git\hotspot\src\share\vm\prims\jni.cpp, line 1615]
Event: 927.850 Thread 0x000000001bdb1800 Exception <a 'java/lang/NoSuchMethodError': <clinit>> (0x00000000d74f72f0) thrown at [C:\src\AOSP-openjdk-git\hotspot\src\share\vm\prims\jni.cpp, line 1615]

Events (10 events):
Event: 927.849 Thread 0x0000000019162000 flushing nmethod 0x0000000003691b50
Event: 927.849 Thread 0x0000000019162000 flushing nmethod 0x0000000003692210
Event: 927.849 Thread 0x0000000019162000 flushing nmethod 0x0000000003722550
Event: 927.849 Thread 0x0000000019162000 flushing nmethod 0x0000000003724990
Event: 927.849 Thread 0x0000000019162000 flushing nmethod 0x000000000372e150
Event: 927.849 Thread 0x0000000019162000 flushing nmethod 0x0000000003738050
Event: 927.849 Thread 0x0000000019162000 flushing nmethod 0x0000000003787010
Event: 927.849 Thread 0x0000000019162000 flushing nmethod 0x00000000037ac150
Event: 927.849 Thread 0x0000000019162000 flushing nmethod 0x00000000037bac10
Event: 927.849 Thread 0x0000000019162000 flushing nmethod 0x00000000037bbc90


Dynamic libraries:
0x00007ff7166d0000 - 0x00007ff716701000 	C:\Program Files\Android\Android Studio1\jre\bin\java.exe
0x00007fff5f290000 - 0x00007fff5f486000 	C:\WINDOWS\SYSTEM32\ntdll.dll
0x00007fff5e430000 - 0x00007fff5e4ed000 	C:\WINDOWS\System32\KERNEL32.DLL
0x00007fff5ca60000 - 0x00007fff5cd29000 	C:\WINDOWS\System32\KERNELBASE.dll
0x00007fff59fe0000 - 0x00007fff5a070000 	C:\WINDOWS\SYSTEM32\apphelp.dll
0x00007fff5e210000 - 0x00007fff5e2bc000 	C:\WINDOWS\System32\ADVAPI32.dll
0x00007fff5ed20000 - 0x00007fff5edbe000 	C:\WINDOWS\System32\msvcrt.dll
0x00007fff5e390000 - 0x00007fff5e42c000 	C:\WINDOWS\System32\sechost.dll
0x00007fff5d320000 - 0x00007fff5d44b000 	C:\WINDOWS\System32\RPCRT4.dll
0x00007fff5e4f0000 - 0x00007fff5e690000 	C:\WINDOWS\System32\USER32.dll
0x00007fff5cdb0000 - 0x00007fff5cdd2000 	C:\WINDOWS\System32\win32u.dll
0x00007fff5edd0000 - 0x00007fff5edfa000 	C:\WINDOWS\System32\GDI32.dll
0x00007fff5cee0000 - 0x00007fff5cfe9000 	C:\WINDOWS\System32\gdi32full.dll
0x00007fff5cff0000 - 0x00007fff5d08d000 	C:\WINDOWS\System32\msvcp_win.dll
0x00007fff5cde0000 - 0x00007fff5cee0000 	C:\WINDOWS\System32\ucrtbase.dll
0x00007fff37840000 - 0x00007fff37adb000 	C:\WINDOWS\WinSxS\amd64_microsoft.windows.common-controls_6595b64144ccf1df_6.0.19041.488_none_ca04af081b815d21\COMCTL32.dll
0x00007fff5d2f0000 - 0x00007fff5d320000 	C:\WINDOWS\System32\IMM32.DLL
0x00000000607f0000 - 0x00000000608c2000 	C:\Program Files\Android\Android Studio1\jre\jre\bin\msvcr100.dll
0x00000000612b0000 - 0x0000000061afb000 	C:\Program Files\Android\Android Studio1\jre\jre\bin\server\jvm.dll
0x00007fff5ec40000 - 0x00007fff5ec48000 	C:\WINDOWS\System32\PSAPI.DLL
0x00007fff55bd0000 - 0x00007fff55bda000 	C:\WINDOWS\SYSTEM32\VERSION.dll
0x00007fff51e30000 - 0x00007fff51e57000 	C:\WINDOWS\SYSTEM32\WINMM.dll
0x00007fff51de0000 - 0x00007fff51de9000 	C:\WINDOWS\SYSTEM32\WSOCK32.dll
0x00007fff5e690000 - 0x00007fff5e6fb000 	C:\WINDOWS\System32\WS2_32.dll
0x00007fff58670000 - 0x00007fff5867f000 	C:\Program Files\Android\Android Studio1\jre\jre\bin\verify.dll
0x00007fff56e30000 - 0x00007fff56e59000 	C:\Program Files\Android\Android Studio1\jre\jre\bin\java.dll
0x00007fff58650000 - 0x00007fff58666000 	C:\Program Files\Android\Android Studio1\jre\jre\bin\zip.dll
0x00007fff5d510000 - 0x00007fff5dc52000 	C:\WINDOWS\System32\SHELL32.dll
0x00007fff5a850000 - 0x00007fff5afe5000 	C:\WINDOWS\SYSTEM32\windows.storage.dll
0x00007fff5e700000 - 0x00007fff5ea56000 	C:\WINDOWS\System32\combase.dll
0x00007fff5c440000 - 0x00007fff5c46c000 	C:\WINDOWS\SYSTEM32\Wldp.dll
0x00007fff5e2c0000 - 0x00007fff5e36e000 	C:\WINDOWS\System32\SHCORE.dll
0x00007fff5eac0000 - 0x00007fff5eb15000 	C:\WINDOWS\System32\shlwapi.dll
0x00007fff5c900000 - 0x00007fff5c926000 	C:\WINDOWS\SYSTEM32\profapi.dll
0x00007fff575d0000 - 0x00007fff575ea000 	C:\Program Files\Android\Android Studio1\jre\jre\bin\net.dll
0x00007fff5c1c0000 - 0x00007fff5c22a000 	C:\WINDOWS\system32\mswsock.dll
0x00007fff540b0000 - 0x00007fff540c3000 	C:\Program Files\Android\Android Studio1\jre\jre\bin\nio.dll
0x00007fff3df80000 - 0x00007fff3dfa7000 	C:\Users\Barren Wolfsbane\.gradle\native\f6784746aeab05261644944871eae4fe03e0ef1612fff0a4a95f87b438bc6780\windows-amd64\native-platform.dll
0x00007fff540a0000 - 0x00007fff540ad000 	C:\Program Files\Android\Android Studio1\jre\jre\bin\management.dll
0x00007fff5c390000 - 0x00007fff5c3a8000 	C:\WINDOWS\SYSTEM32\CRYPTSP.dll
0x00007fff5bae0000 - 0x00007fff5bb14000 	C:\WINDOWS\system32\rsaenh.dll
0x00007fff5c9d0000 - 0x00007fff5c9f7000 	C:\WINDOWS\System32\bcrypt.dll
0x00007fff5c8c0000 - 0x00007fff5c8ee000 	C:\WINDOWS\SYSTEM32\USERENV.dll
0x00007fff5cd30000 - 0x00007fff5cdb0000 	C:\WINDOWS\System32\bcryptprimitives.dll
0x00007fff5c3b0000 - 0x00007fff5c3bc000 	C:\WINDOWS\SYSTEM32\CRYPTBASE.dll
0x00007fff5be60000 - 0x00007fff5be9b000 	C:\WINDOWS\SYSTEM32\IPHLPAPI.DLL
0x00007fff5edc0000 - 0x00007fff5edc8000 	C:\WINDOWS\System32\NSI.dll
0x00007fff568c0000 - 0x00007fff568d7000 	C:\WINDOWS\SYSTEM32\dhcpcsvc6.DLL
0x00007fff56780000 - 0x00007fff5679d000 	C:\WINDOWS\SYSTEM32\dhcpcsvc.DLL
0x00007fff5beb0000 - 0x00007fff5bf7b000 	C:\WINDOWS\SYSTEM32\DNSAPI.dll
0x00007fff56a40000 - 0x00007fff56a4b000 	C:\WINDOWS\SYSTEM32\WINNSI.DLL
0x00007fff4b5b0000 - 0x00007fff4b5d4000 	C:\Program Files\Android\Android Studio1\jre\jre\bin\sunec.dll
0x00007fff53e30000 - 0x00007fff53e3a000 	C:\Windows\System32\rasadhlp.dll
0x00007fff52020000 - 0x00007fff5209f000 	C:\WINDOWS\System32\fwpuclnt.dll
0x00007fff54090000 - 0x00007fff5409b000 	C:\Program Files\Android\Android Studio1\jre\jre\bin\sunmscapi.dll
0x00007fff5d190000 - 0x00007fff5d2ed000 	C:\WINDOWS\System32\CRYPT32.dll
0x00007fff3a670000 - 0x00007fff3a68e000 	C:\Users\Barren Wolfsbane\AppData\Local\Temp\native-platform2316632839266135624dir\native-platform.dll

VM Arguments:
jvm_args: -Xmx2048m -Dfile.encoding=UTF-8 -Duser.country=US -Duser.language=en -Duser.variant 
java_command: org.gradle.launcher.daemon.bootstrap.GradleDaemon 6.5
java_class_path (initial): C:\Users\Barren Wolfsbane\.gradle\wrapper\dists\gradle-6.5-all\2oz4ud9k3tuxjg84bbf55q0tn\gradle-6.5\lib\gradle-launcher-6.5.jar
Launcher Type: SUN_STANDARD

Environment Variables:
PATH=C:\Program Files (x86)\Common Files\Oracle\Java\javapath;C:\Program Files\NVIDIA GPU Computing Toolkit\CUDA\v10.1\bin;C:\Program Files\NVIDIA GPU Computing Toolkit\CUDA\v10.1\libnvvp;C:\Program Files\NVIDIA GPU Computing Toolkit\CUDA\v10.0\bin;C:\Program Files\NVIDIA GPU Computing Toolkit\CUDA\v10.0\libnvvp;C:\Program Files (x86)\Intel\iCLS Client\;C:\Program Files\Intel\iCLS Client\;C:\Windows\system32;C:\Windows;C:\Windows\System32\Wbem;C:\Windows\System32\WindowsPowerShell\v1.0\;C:\Windows\System32\OpenSSH\;C:\Program Files (x86)\NVIDIA Corporation\PhysX\Common;C:\Program Files\NVIDIA Corporation\NVIDIA NvDLISR;C:\Program Files (x86)\GtkSharp\2.12\bin;C:\Program Files (x86)\Intel\Intel(R) Management Engine Components\DAL;C:\Program Files\Intel\Intel(R) Management Engine Components\DAL;C:\Program Files (x86)\Intel\Intel(R) Management Engine Components\IPT;C:\Program Files\Intel\Intel(R) Management Engine Components\IPT;C:\Program Files (x86)\AOMEI Backupper;C:\Program Files\NVIDIA Corporation\Nsight Compute 2019.4.0\;c:\php;C:\Apache24;C:\Apache24\bin;C:\Program Files\Common Files\Autodesk Shared\;C:\WINDOWS\system32;C:\WINDOWS;C:\WINDOWS\System32\Wbem;C:\WINDOWS\System32\WindowsPowerShell\v1.0\;C:\WINDOWS\System32\OpenSSH\;C:\Program Files\Git\cmd;C:\Program Files\MySQL\MySQL Shell 8.0\bin\;C:\Users\Barren Wolfsbane\AppData\Local\Programs\Python\Python37\Scripts\;C:\Users\Barren Wolfsbane\AppData\Local\Programs\Python\Python37\;C:\Users\Barren Wolfsbane\AppData\Local\Microsoft\WindowsApps;
USERNAME=Barren Wolfsbane
OS=Windows_NT
PROCESSOR_IDENTIFIER=Intel64 Family 6 Model 79 Stepping 1, GenuineIntel



---------------  S Y S T E M  ---------------

OS: Windows 10.0 , 64 bit Build 19041 (10.0.19041.662)

CPU:total 12 (initial active 12) (6 cores per cpu, 2 threads per core) family 6 model 79 stepping 1, cmov, cx8, fxsr, mmx, sse, sse2, sse3, ssse3, sse4.1, sse4.2, popcnt, avx, avx2, aes, clmul, erms, rtm, 3dnowpref, lzcnt, ht, tsc, tscinvbit, bmi1, bmi2, adx

Memory: 4k page, physical 50229380k(21704720k free), swap 54423684k(1380k free)

vm_info: OpenJDK 64-Bit Server VM (25.242-b01) for windows-amd64 JRE (1.8.0_242-release-1644-b01), built by "builder" with MS VC++ 10.0 (VS2010)

time: Thu Jan 21 22:46:42 2021
timezone: Pacific Standard Time
elapsed time: 927 seconds (0d 0h 15m 27s)

