#
# There is insufficient memory for the Java Runtime Environment to continue.
# Native memory allocation (malloc) failed to allocate 1317776 bytes for Chunk::new
# Possible reasons:
#   The system is out of physical RAM or swap space
#   The process is running with CompressedOops enabled, and the Java Heap may be blocking the growth of the native heap
# Possible solutions:
#   Reduce memory load on the system
#   Increase physical memory or swap space
#   Check if swap backing store is full
#   Decrease Java heap size (-Xmx/-Xms)
#   Decrease number of Java threads
#   Decrease Java thread stack sizes (-Xss)
#   Set larger code cache with -XX:ReservedCodeCacheSize=
#   JVM is running with Unscaled Compressed Oops mode in which the Java heap is
#     placed in the first 4GB address space. The Java Heap base address is the
#     maximum limit for the native heap growth. Please use -XX:HeapBaseMinAddress
#     to set the Java Heap base and to place the Java Heap above 4GB virtual address.
# This output file may be truncated or incomplete.
#
#  Out of Memory Error (allocation.cpp:389), pid=29708, tid=0x0000000000000714
#
# JRE version: OpenJDK Runtime Environment (8.0_242-b01) (build 1.8.0_242-release-1644-b01)
# Java VM: OpenJDK 64-Bit Server VM (25.242-b01 mixed mode windows-amd64 compressed oops)
# Failed to write core dump. Minidumps are not enabled by default on client versions of Windows
#

---------------  T H R E A D  ---------------

Current thread (0x0000000019f3c800):  JavaThread "C2 CompilerThread2" daemon [_thread_in_native, id=1812, stack(0x000000001b770000,0x000000001b870000)]

Stack: [0x000000001b770000,0x000000001b870000]
[error occurred during error reporting (printing stack bounds), id 0xc0000005]

Native frames: (J=compiled Java code, j=interpreted, Vv=VM code, C=native code)


Current CompileTask:
C2:  17130 10081       4       com.sun.tools.javac.comp.Resolve::findInheritedMemberType (202 bytes)


---------------  P R O C E S S  ---------------

Java Threads: ( => current thread )
  0x0000000024154800 JavaThread "Cache worker for Java compile cache (C:\AndroidProjects\.gradle\6.5\javaCompile)" [_thread_blocked, id=10384, stack(0x0000000031a40000,0x0000000031b40000)]
  0x000000002414c800 JavaThread "Cache worker for Java compile cache (C:\Users\Barren Wolfsbane\.gradle\caches\6.5\javaCompile)" [_thread_blocked, id=4460, stack(0x0000000031940000,0x0000000031a40000)]
  0x000000002414d000 JavaThread "Cache worker for execution history cache (C:\AndroidProjects\.gradle\6.5\executionHistory)" [_thread_blocked, id=27408, stack(0x0000000031120000,0x0000000031220000)]
  0x000000001a11a800 JavaThread "Execution worker for ':' Thread 11" [_thread_blocked, id=24604, stack(0x0000000031020000,0x0000000031120000)]
  0x000000001a119800 JavaThread "Execution worker for ':' Thread 10" [_thread_blocked, id=18096, stack(0x0000000030f20000,0x0000000031020000)]
  0x000000001a119000 JavaThread "Execution worker for ':' Thread 9" [_thread_blocked, id=24084, stack(0x0000000030e20000,0x0000000030f20000)]
  0x000000001a11b000 JavaThread "Execution worker for ':' Thread 8" [_thread_blocked, id=14356, stack(0x0000000030d20000,0x0000000030e20000)]
  0x000000001a11e800 JavaThread "Execution worker for ':' Thread 7" [_thread_blocked, id=17624, stack(0x0000000030c20000,0x0000000030d20000)]
  0x000000001a11d800 JavaThread "Execution worker for ':' Thread 6" [_thread_blocked, id=27924, stack(0x0000000030b20000,0x0000000030c20000)]
  0x000000001a117800 JavaThread "Execution worker for ':' Thread 5" [_thread_blocked, id=11880, stack(0x0000000030a20000,0x0000000030b20000)]
  0x000000001a11d000 JavaThread "Execution worker for ':' Thread 4" [_thread_blocked, id=3636, stack(0x0000000030920000,0x0000000030a20000)]
  0x000000001a116800 JavaThread "Execution worker for ':' Thread 3" [_thread_blocked, id=16544, stack(0x0000000030820000,0x0000000030920000)]
  0x000000001a11c000 JavaThread "Execution worker for ':' Thread 2" [_thread_blocked, id=10840, stack(0x0000000030720000,0x0000000030820000)]
  0x000000001a118000 JavaThread "Execution worker for ':'" [_thread_blocked, id=16476, stack(0x0000000030620000,0x0000000030720000)]
  0x000000001a10f000 JavaThread "Cache worker for file content cache (C:\AndroidProjects\.gradle\6.5\fileContent)" [_thread_blocked, id=18736, stack(0x0000000030520000,0x0000000030620000)]
  0x000000001a116000 JavaThread "Memory manager" [_thread_blocked, id=20828, stack(0x000000002fdc0000,0x000000002fec0000)]
  0x000000001a111800 JavaThread "Cache worker for Build Output Cleanup Cache (C:\AndroidProjects\.gradle\buildOutputCleanup)" [_thread_blocked, id=20076, stack(0x000000002e760000,0x000000002e860000)]
  0x000000001a114800 JavaThread "jar transforms Thread 114" [_thread_blocked, id=17244, stack(0x000000002e460000,0x000000002e560000)]
  0x000000001a110000 JavaThread "jar transforms Thread 113" [_thread_blocked, id=13400, stack(0x000000002e360000,0x000000002e460000)]
  0x000000001a110800 JavaThread "jar transforms Thread 112" [_thread_blocked, id=22960, stack(0x000000002e260000,0x000000002e360000)]
  0x000000001a113000 JavaThread "jar transforms Thread 111" [_thread_blocked, id=27636, stack(0x000000002e160000,0x000000002e260000)]
  0x000000001a113800 JavaThread "jar transforms Thread 110" [_thread_blocked, id=28764, stack(0x000000002e060000,0x000000002e160000)]
  0x000000001dfbf000 JavaThread "jar transforms Thread 109" [_thread_blocked, id=15236, stack(0x000000002df60000,0x000000002e060000)]
  0x000000001dfbe000 JavaThread "jar transforms Thread 108" [_thread_blocked, id=19040, stack(0x000000002de60000,0x000000002df60000)]
  0x000000001dfbd800 JavaThread "jar transforms Thread 107" [_thread_blocked, id=19576, stack(0x000000002dd60000,0x000000002de60000)]
  0x000000001dfbc800 JavaThread "jar transforms Thread 106" [_thread_blocked, id=9180, stack(0x000000002dc60000,0x000000002dd60000)]
  0x000000001dfb5000 JavaThread "jar transforms Thread 105" [_thread_blocked, id=18360, stack(0x000000002db60000,0x000000002dc60000)]
  0x000000001dfbc000 JavaThread "jar transforms Thread 104" [_thread_blocked, id=3408, stack(0x000000002da60000,0x000000002db60000)]
  0x000000001dfb4800 JavaThread "jar transforms Thread 103" [_thread_blocked, id=19104, stack(0x000000002d960000,0x000000002da60000)]
  0x000000001dfbb000 JavaThread "jar transforms Thread 102" [_thread_blocked, id=14292, stack(0x000000002d860000,0x000000002d960000)]
  0x000000001dfb3800 JavaThread "jar transforms Thread 101" [_thread_blocked, id=26524, stack(0x000000002d760000,0x000000002d860000)]
  0x000000001dfb9800 JavaThread "jar transforms Thread 100" [_thread_blocked, id=29824, stack(0x000000002d660000,0x000000002d760000)]
  0x000000001dfba800 JavaThread "jar transforms Thread 99" [_thread_blocked, id=892, stack(0x000000002d560000,0x000000002d660000)]
  0x000000001dfb2000 JavaThread "jar transforms Thread 98" [_thread_blocked, id=14784, stack(0x000000002d360000,0x000000002d460000)]
  0x000000001dfb9000 JavaThread "jar transforms Thread 97" [_thread_blocked, id=29404, stack(0x000000002d260000,0x000000002d360000)]
  0x000000001dfb8000 JavaThread "jar transforms Thread 96" [_thread_blocked, id=11052, stack(0x000000002d160000,0x000000002d260000)]
  0x000000001dfb7800 JavaThread "jar transforms Thread 95" [_thread_blocked, id=27176, stack(0x000000002d060000,0x000000002d160000)]
  0x000000001dfb0000 JavaThread "jar transforms Thread 94" [_thread_blocked, id=3380, stack(0x000000002cf60000,0x000000002d060000)]
  0x000000001dfb0800 JavaThread "jar transforms Thread 93" [_thread_blocked, id=4896, stack(0x000000002ce60000,0x000000002cf60000)]
  0x000000001dfb1800 JavaThread "jar transforms Thread 92" [_thread_blocked, id=13652, stack(0x000000002cd60000,0x000000002ce60000)]
  0x000000001dfb6800 JavaThread "jar transforms Thread 91" [_thread_blocked, id=20208, stack(0x000000002cc60000,0x000000002cd60000)]
  0x000000001dfb6000 JavaThread "jar transforms Thread 90" [_thread_blocked, id=14476, stack(0x000000002cb60000,0x000000002cc60000)]
  0x000000001dfb3000 JavaThread "jar transforms Thread 89" [_thread_blocked, id=22160, stack(0x000000002ca60000,0x000000002cb60000)]
  0x0000000020184800 JavaThread "jar transforms Thread 88" [_thread_blocked, id=13716, stack(0x000000002c960000,0x000000002ca60000)]
  0x0000000020180800 JavaThread "jar transforms Thread 87" [_thread_blocked, id=20188, stack(0x000000002c860000,0x000000002c960000)]
  0x0000000020183800 JavaThread "jar transforms Thread 86" [_thread_blocked, id=9568, stack(0x000000002c760000,0x000000002c860000)]
  0x0000000020183000 JavaThread "jar transforms Thread 85" [_thread_blocked, id=25544, stack(0x000000002c660000,0x000000002c760000)]
  0x000000002017e800 JavaThread "jar transforms Thread 84" [_thread_blocked, id=11736, stack(0x000000002c560000,0x000000002c660000)]
  0x0000000020182000 JavaThread "jar transforms Thread 83" [_thread_blocked, id=29760, stack(0x000000002c460000,0x000000002c560000)]
  0x0000000020180000 JavaThread "jar transforms Thread 82" [_thread_blocked, id=25784, stack(0x000000002c360000,0x000000002c460000)]
  0x000000002017d800 JavaThread "jar transforms Thread 81" [_thread_blocked, id=26784, stack(0x000000002c260000,0x000000002c360000)]
  0x0000000020181800 JavaThread "jar transforms Thread 80" [_thread_blocked, id=21920, stack(0x000000002c160000,0x000000002c260000)]
  0x000000002017f000 JavaThread "jar transforms Thread 79" [_thread_blocked, id=27780, stack(0x000000002c060000,0x000000002c160000)]
  0x0000000020176000 JavaThread "jar transforms Thread 78" [_thread_blocked, id=18816, stack(0x000000002bf60000,0x000000002c060000)]
  0x000000002017d000 JavaThread "jar transforms Thread 77" [_thread_blocked, id=22916, stack(0x000000002be60000,0x000000002bf60000)]
  0x000000002017c000 JavaThread "jar transforms Thread 76" [_thread_blocked, id=26100, stack(0x000000002bd60000,0x000000002be60000)]
  0x0000000020177800 JavaThread "jar transforms Thread 75" [_thread_blocked, id=928, stack(0x000000002bc60000,0x000000002bd60000)]
  0x000000002017b800 JavaThread "jar transforms Thread 74" [_thread_blocked, id=24256, stack(0x000000002bb60000,0x000000002bc60000)]
  0x0000000020175800 JavaThread "jar transforms Thread 73" [_thread_blocked, id=25520, stack(0x000000002ba60000,0x000000002bb60000)]
  0x000000002017a800 JavaThread "jar transforms Thread 72" [_thread_blocked, id=21684, stack(0x000000002b960000,0x000000002ba60000)]
  0x000000002017a000 JavaThread "jar transforms Thread 71" [_thread_blocked, id=10652, stack(0x000000002b860000,0x000000002b960000)]
  0x0000000020177000 JavaThread "jar transforms Thread 70" [_thread_blocked, id=9632, stack(0x000000002b760000,0x000000002b860000)]
  0x0000000020179000 JavaThread "jar transforms Thread 69" [_thread_blocked, id=24416, stack(0x000000002b660000,0x000000002b760000)]
  0x0000000020178800 JavaThread "jar transforms Thread 68" [_thread_blocked, id=3480, stack(0x000000002b560000,0x000000002b660000)]
  0x000000001d8db800 JavaThread "jar transforms Thread 67" [_thread_blocked, id=18136, stack(0x000000002b460000,0x000000002b560000)]
  0x000000001d8da800 JavaThread "jar transforms Thread 66" [_thread_blocked, id=21456, stack(0x000000002b360000,0x000000002b460000)]
  0x000000001d8da000 JavaThread "jar transforms Thread 65" [_thread_blocked, id=14840, stack(0x000000002b260000,0x000000002b360000)]
  0x000000001d8d9000 JavaThread "jar transforms Thread 64" [_thread_blocked, id=28648, stack(0x000000002b160000,0x000000002b260000)]
  0x000000001d8d7800 JavaThread "jar transforms Thread 63" [_thread_blocked, id=17280, stack(0x000000002b060000,0x000000002b160000)]
  0x000000001d8d8800 JavaThread "jar transforms Thread 62" [_thread_blocked, id=29932, stack(0x000000002af60000,0x000000002b060000)]
  0x000000001d8d0000 JavaThread "jar transforms Thread 61" [_thread_blocked, id=9364, stack(0x000000002ae60000,0x000000002af60000)]
  0x000000001d8d7000 JavaThread "jar transforms Thread 60" [_thread_blocked, id=3104, stack(0x000000002ad60000,0x000000002ae60000)]
  0x000000001d8cf800 JavaThread "jar transforms Thread 59" [_thread_blocked, id=16320, stack(0x000000002ac60000,0x000000002ad60000)]
  0x000000001d8d6000 JavaThread "jar transforms Thread 58" [_thread_blocked, id=22280, stack(0x000000002ab60000,0x000000002ac60000)]
  0x000000001d8ce800 JavaThread "jar transforms Thread 57" [_thread_blocked, id=25484, stack(0x000000002aa60000,0x000000002ab60000)]
  0x000000001d8d1000 JavaThread "jar transforms Thread 56" [_thread_blocked, id=20048, stack(0x000000002a960000,0x000000002aa60000)]
  0x000000001d8d3000 JavaThread "jar transforms Thread 55" [_thread_blocked, id=14020, stack(0x000000002a860000,0x000000002a960000)]
  0x000000001d8d5800 JavaThread "jar transforms Thread 54" [_thread_blocked, id=29352, stack(0x000000002a760000,0x000000002a860000)]
  0x000000001d8d2800 JavaThread "jar transforms Thread 53" [_thread_blocked, id=28740, stack(0x000000002a660000,0x000000002a760000)]
  0x000000001d8d1800 JavaThread "jar transforms Thread 52" [_thread_blocked, id=8284, stack(0x000000002a560000,0x000000002a660000)]
  0x000000001d8d4000 JavaThread "jar transforms Thread 51" [_thread_blocked, id=16528, stack(0x000000002a460000,0x000000002a560000)]
  0x000000001d8ce000 JavaThread "jar transforms Thread 50" [_thread_blocked, id=14024, stack(0x000000002a360000,0x000000002a460000)]
  0x000000001d8d4800 JavaThread "jar transforms Thread 49" [_thread_blocked, id=7432, stack(0x000000002a260000,0x000000002a360000)]
  0x000000001d8cd000 JavaThread "jar transforms Thread 48" [_thread_blocked, id=19836, stack(0x000000002a160000,0x000000002a260000)]
  0x0000000022ccd800 JavaThread "jar transforms Thread 47" [_thread_blocked, id=27328, stack(0x000000002a060000,0x000000002a160000)]
  0x0000000022cce800 JavaThread "jar transforms Thread 46" [_thread_blocked, id=27740, stack(0x0000000029f60000,0x000000002a060000)]
  0x0000000022ccd000 JavaThread "jar transforms Thread 45" [_thread_blocked, id=23276, stack(0x0000000029e60000,0x0000000029f60000)]
  0x0000000022cc7000 JavaThread "jar transforms Thread 44" [_thread_blocked, id=12316, stack(0x0000000029d60000,0x0000000029e60000)]
  0x0000000022ccc000 JavaThread "jar transforms Thread 43" [_thread_blocked, id=16292, stack(0x0000000029c60000,0x0000000029d60000)]
  0x0000000022cc8800 JavaThread "jar transforms Thread 42" [_thread_blocked, id=10032, stack(0x0000000029b60000,0x0000000029c60000)]
  0x0000000022ccb800 JavaThread "jar transforms Thread 41" [_thread_blocked, id=26840, stack(0x0000000029a60000,0x0000000029b60000)]
  0x0000000022cca800 JavaThread "jar transforms Thread 40" [_thread_blocked, id=30712, stack(0x0000000029960000,0x0000000029a60000)]
  0x0000000022cc7800 JavaThread "jar transforms Thread 39" [_thread_blocked, id=26008, stack(0x0000000029860000,0x0000000029960000)]
  0x0000000022cca000 JavaThread "jar transforms Thread 38" [_thread_blocked, id=17240, stack(0x0000000029760000,0x0000000029860000)]
  0x0000000022cc9000 JavaThread "jar transforms Thread 37" [_thread_blocked, id=25504, stack(0x0000000029660000,0x0000000029760000)]
  0x0000000022cbf000 JavaThread "jar transforms Thread 36" [_thread_blocked, id=11308, stack(0x0000000029560000,0x0000000029660000)]
  0x0000000022cc3000 JavaThread "jar transforms Thread 35" [_thread_blocked, id=16260, stack(0x0000000029460000,0x0000000029560000)]
  0x0000000022cc0800 JavaThread "jar transforms Thread 34" [_thread_blocked, id=16044, stack(0x0000000029360000,0x0000000029460000)]
  0x0000000022cc1800 JavaThread "jar transforms Thread 33" [_thread_blocked, id=8808, stack(0x0000000029260000,0x0000000029360000)]
  0x0000000022cc2000 JavaThread "jar transforms Thread 32" [_thread_blocked, id=17312, stack(0x0000000029160000,0x0000000029260000)]
  0x0000000022cc6000 JavaThread "jar transforms Thread 31" [_thread_blocked, id=13480, stack(0x0000000029060000,0x0000000029160000)]
  0x0000000022cc5800 JavaThread "jar transforms Thread 30" [_thread_blocked, id=11412, stack(0x0000000028f60000,0x0000000029060000)]
  0x0000000022cc4800 JavaThread "jar transforms Thread 29" [_thread_blocked, id=25964, stack(0x0000000028e60000,0x0000000028f60000)]
  0x0000000022cc0000 JavaThread "jar transforms Thread 28" [_thread_blocked, id=29772, stack(0x0000000028d60000,0x0000000028e60000)]
  0x0000000022cc3800 JavaThread "jar transforms Thread 27" [_thread_blocked, id=21088, stack(0x0000000028c60000,0x0000000028d60000)]
  0x000000001c247000 JavaThread "jar transforms Thread 26" [_thread_blocked, id=28884, stack(0x0000000028b60000,0x0000000028c60000)]
  0x000000001c245800 JavaThread "jar transforms Thread 25" [_thread_blocked, id=27936, stack(0x0000000028a60000,0x0000000028b60000)]
  0x000000001c244800 JavaThread "jar transforms Thread 24" [_thread_blocked, id=22808, stack(0x0000000028960000,0x0000000028a60000)]
  0x000000001c244000 JavaThread "jar transforms Thread 23" [_thread_blocked, id=24456, stack(0x0000000028860000,0x0000000028960000)]
  0x000000001c247800 JavaThread "jar transforms Thread 22" [_thread_blocked, id=16836, stack(0x0000000028760000,0x0000000028860000)]
  0x000000001c246000 JavaThread "jar transforms Thread 21" [_thread_blocked, id=22924, stack(0x0000000028660000,0x0000000028760000)]
  0x000000001c23d000 JavaThread "jar transforms Thread 20" [_thread_blocked, id=16368, stack(0x0000000028560000,0x0000000028660000)]
  0x000000001c243000 JavaThread "jar transforms Thread 19" [_thread_blocked, id=16640, stack(0x0000000028460000,0x0000000028560000)]
  0x000000001c242800 JavaThread "jar transforms Thread 18" [_thread_blocked, id=3028, stack(0x0000000028360000,0x0000000028460000)]
  0x000000001c23c800 JavaThread "jar transforms Thread 17" [_thread_blocked, id=28328, stack(0x0000000028260000,0x0000000028360000)]
  0x000000001c23b000 JavaThread "jar transforms Thread 16" [_thread_blocked, id=7724, stack(0x0000000028160000,0x0000000028260000)]
  0x000000001c23e800 JavaThread "jar transforms Thread 15" [_thread_blocked, id=12712, stack(0x0000000028060000,0x0000000028160000)]
  0x000000001c241800 JavaThread "jar transforms Thread 14" [_thread_blocked, id=28732, stack(0x0000000027f60000,0x0000000028060000)]
  0x000000001c241000 JavaThread "jar transforms Thread 13" [_thread_blocked, id=28068, stack(0x0000000027e60000,0x0000000027f60000)]
  0x000000001c23b800 JavaThread "jar transforms Thread 12" [_thread_blocked, id=18048, stack(0x0000000027d60000,0x0000000027e60000)]
  0x000000001c23a000 JavaThread "jar transforms Thread 11" [_thread_blocked, id=22240, stack(0x0000000027c60000,0x0000000027d60000)]
  0x000000001c240000 JavaThread "jar transforms Thread 10" [_thread_blocked, id=11528, stack(0x0000000027b60000,0x0000000027c60000)]
  0x000000001c238800 JavaThread "jar transforms Thread 9" [_thread_blocked, id=24964, stack(0x0000000027a60000,0x0000000027b60000)]
  0x000000001c23f800 JavaThread "jar transforms Thread 8" [_thread_blocked, id=8628, stack(0x0000000027960000,0x0000000027a60000)]
  0x000000001c239800 JavaThread "jar transforms Thread 7" [_thread_blocked, id=26568, stack(0x0000000027860000,0x0000000027960000)]
  0x000000001c23e000 JavaThread "jar transforms Thread 6" [_thread_blocked, id=23588, stack(0x0000000027760000,0x0000000027860000)]
  0x000000001be77800 JavaThread "jar transforms Thread 5" [_thread_blocked, id=13088, stack(0x0000000027660000,0x0000000027760000)]
  0x000000001be76000 JavaThread "jar transforms Thread 4" [_thread_blocked, id=16168, stack(0x0000000027560000,0x0000000027660000)]
  0x000000001be75800 JavaThread "jar transforms Thread 3" [_thread_blocked, id=13392, stack(0x0000000027460000,0x0000000027560000)]
  0x000000001be78800 JavaThread "jar transforms Thread 2" [_thread_blocked, id=28448, stack(0x0000000027360000,0x0000000027460000)]
  0x000000001be77000 JavaThread "Build operations Thread 12" [_thread_blocked, id=24268, stack(0x0000000027260000,0x0000000027360000)]
  0x000000001be74800 JavaThread "Build operations Thread 11" [_thread_blocked, id=10736, stack(0x0000000027160000,0x0000000027260000)]
  0x000000001be74000 JavaThread "Build operations Thread 10" [_thread_blocked, id=13048, stack(0x0000000027060000,0x0000000027160000)]
  0x000000001be6c800 JavaThread "Build operations Thread 9" [_thread_blocked, id=26444, stack(0x0000000026f60000,0x0000000027060000)]
  0x000000001be73000 JavaThread "Build operations Thread 8" [_thread_blocked, id=20352, stack(0x0000000026e60000,0x0000000026f60000)]
  0x000000001be72800 JavaThread "Build operations Thread 7" [_thread_blocked, id=18856, stack(0x0000000026d60000,0x0000000026e60000)]
  0x000000001be6b000 JavaThread "Build operations Thread 6" [_thread_blocked, id=24688, stack(0x0000000025bf0000,0x0000000025cf0000)]
  0x000000001be71800 JavaThread "Build operations Thread 5" [_thread_blocked, id=13420, stack(0x0000000025af0000,0x0000000025bf0000)]
  0x000000001be6a000 JavaThread "Build operations Thread 4" [_thread_blocked, id=17368, stack(0x00000000259f0000,0x0000000025af0000)]
  0x000000001be71000 JavaThread "Build operations Thread 3" [_thread_blocked, id=26832, stack(0x00000000258f0000,0x00000000259f0000)]
  0x000000001be6f800 JavaThread "Build operations Thread 2" [_thread_blocked, id=2616, stack(0x00000000257f0000,0x00000000258f0000)]
  0x000000001be70000 JavaThread "Build operations" [_thread_blocked, id=21548, stack(0x00000000256f0000,0x00000000257f0000)]
  0x000000001da5a000 JavaThread "Cache worker for file content cache (C:\Users\Barren Wolfsbane\.gradle\caches\6.5\fileContent)" [_thread_blocked, id=22716, stack(0x0000000023840000,0x0000000023940000)]
  0x000000001da5d800 JavaThread "jar transforms" [_thread_blocked, id=20864, stack(0x0000000022730000,0x0000000022830000)]
  0x000000001da5d000 JavaThread "Cache worker for execution history cache (C:\Users\Barren Wolfsbane\.gradle\caches\6.5\executionHistory)" [_thread_blocked, id=8636, stack(0x0000000022630000,0x0000000022730000)]
  0x000000001da5c000 JavaThread "Cache worker for cache directory md-rule (C:\Users\Barren Wolfsbane\.gradle\caches\6.5\md-rule)" [_thread_blocked, id=28052, stack(0x0000000022530000,0x0000000022630000)]
  0x000000001da5b800 JavaThread "Cache worker for cache directory md-supplier (C:\Users\Barren Wolfsbane\.gradle\caches\6.5\md-supplier)" [_thread_blocked, id=23636, stack(0x0000000022430000,0x0000000022530000)]
  0x000000001da60000 JavaThread "Cache worker for checksums cache (C:\AndroidProjects\.gradle\checksums)" [_thread_blocked, id=27212, stack(0x0000000022330000,0x0000000022430000)]
  0x000000001da5e800 JavaThread "Cache worker for file hash cache (C:\AndroidProjects\.gradle\6.5\fileHashes)" [_thread_blocked, id=19812, stack(0x0000000023a20000,0x0000000023b20000)]
  0x000000001da5a800 JavaThread "Cache worker for file hash cache (C:\Users\Barren Wolfsbane\.gradle\caches\6.5\fileHashes)" [_thread_blocked, id=24328, stack(0x000000001fc90000,0x000000001fd90000)]
  0x000000001da5f000 JavaThread "File lock request listener" [_thread_in_native, id=14436, stack(0x000000001fb90000,0x000000001fc90000)]
  0x000000001dada800 JavaThread "Cache worker for journal cache (C:\Users\Barren Wolfsbane\.gradle\caches\journal-1)" [_thread_blocked, id=15888, stack(0x000000001fa90000,0x000000001fb90000)]
  0x000000001d77a000 JavaThread "Thread-9" [_thread_blocked, id=16488, stack(0x000000001f790000,0x000000001f890000)]
  0x000000001d739800 JavaThread "Stdin handler" [_thread_blocked, id=12568, stack(0x000000001f690000,0x000000001f790000)]
  0x000000001d73f800 JavaThread "Asynchronous log dispatcher for DefaultDaemonConnection: socket connection from /127.0.0.1:52719 to /127.0.0.1:52720" [_thread_blocked, id=9192, stack(0x000000001f590000,0x000000001f690000)]
  0x000000001d73e800 JavaThread "Daemon worker" [_thread_blocked, id=6348, stack(0x000000001f490000,0x000000001f590000)]
  0x000000001d7ae000 JavaThread "Cancel handler" [_thread_blocked, id=19060, stack(0x000000001f390000,0x000000001f490000)]
  0x000000001d609800 JavaThread "Handler for socket connection from /127.0.0.1:52719 to /127.0.0.1:52720" [_thread_in_native, id=23932, stack(0x000000001f290000,0x000000001f390000)]
  0x000000001d607000 JavaThread "Daemon" [_thread_blocked, id=14560, stack(0x000000001ee90000,0x000000001ef90000)]
  0x000000001c8c8000 JavaThread "Daemon periodic checks" [_thread_blocked, id=28760, stack(0x000000001ed90000,0x000000001ee90000)]
  0x000000001c8cb000 JavaThread "Incoming local TCP Connector on port 52719" [_thread_in_native, id=2096, stack(0x000000001eb50000,0x000000001ec50000)]
  0x000000001d471000 JavaThread "Daemon health stats" [_thread_blocked, id=17128, stack(0x000000001e510000,0x000000001e610000)]
  0x0000000019fc7000 JavaThread "Service Thread" daemon [_thread_blocked, id=29596, stack(0x000000001b970000,0x000000001ba70000)]
  0x0000000019f3e000 JavaThread "C1 CompilerThread3" daemon [_thread_blocked, id=8692, stack(0x000000001b870000,0x000000001b970000)]
=>0x0000000019f3c800 JavaThread "C2 CompilerThread2" daemon [_thread_in_native, id=1812, stack(0x000000001b770000,0x000000001b870000)]
  0x0000000019f2e000 JavaThread "C2 CompilerThread1" daemon [_thread_in_native, id=25152, stack(0x000000001b670000,0x000000001b770000)]
  0x0000000019f29000 JavaThread "C2 CompilerThread0" daemon [_thread_in_native, id=5432, stack(0x000000001b570000,0x000000001b670000)]
  0x0000000019f23000 JavaThread "Attach Listener" daemon [_thread_blocked, id=19152, stack(0x000000001b470000,0x000000001b570000)]
  0x0000000019f22000 JavaThread "Signal Dispatcher" daemon [_thread_blocked, id=17960, stack(0x000000001b370000,0x000000001b470000)]
  0x00000000035ca800 JavaThread "Finalizer" daemon [_thread_blocked, id=12364, stack(0x000000001b170000,0x000000001b270000)]
  0x0000000019f13000 JavaThread "Reference Handler" daemon [_thread_blocked, id=21100, stack(0x000000001b070000,0x000000001b170000)]
  0x00000000034d2800 JavaThread "main" [_thread_blocked, id=8224, stack(0x00000000032f0000,0x00000000033f0000)]

Other Threads:
  0x0000000018834800 VMThread [stack: 0x000000001af70000,0x000000001b070000] [id=22712]
  0x0000000019f8f000 WatcherThread [stack: 0x000000001ba70000,0x000000001bb70000] [id=4796]

VM state:not at safepoint (normal execution)

VM Mutex/Monitor currently owned by a thread: None

heap address: 0x0000000080000000, size: 2048 MB, Compressed Oops mode: 32-bit
Narrow klass base: 0x0000000000000000, Narrow klass shift: 3
Compressed class space size: 1073741824 Address: 0x0000000100000000

Heap:
 PSYoungGen      total 346112K, used 205172K [0x00000000d5580000, 0x00000000edb00000, 0x0000000100000000)
  eden space 322048K, 56% used [0x00000000d5580000,0x00000000e0689290,0x00000000e9000000)
  from space 24064K, 99% used [0x00000000ec380000,0x00000000edad3d88,0x00000000edb00000)
  to   space 29184K, 0% used [0x00000000ea200000,0x00000000ea200000,0x00000000ebe80000)
 ParOldGen       total 784384K, used 39388K [0x0000000080000000, 0x00000000afe00000, 0x00000000d5580000)
  object space 784384K, 5% used [0x0000000080000000,0x00000000826770f0,0x00000000afe00000)
 Metaspace       used 80829K, capacity 84460K, committed 84648K, reserved 1122304K
  class space    used 10907K, capacity 11653K, committed 11696K, reserved 1048576K

Card table byte_map: [0x0000000012990000,0x0000000012da0000] byte_map_base: 0x0000000012590000

Marking Bits: (ParMarkBitMap*) 0x0000000061a7f030
 Begin Bits: [0x0000000013a50000, 0x0000000015a50000)
 End Bits:   [0x0000000015a50000, 0x0000000017a50000)

Polling page: 0x0000000001950000

CodeCache: size=245760Kb used=29535Kb max_used=29535Kb free=216224Kb
 bounds [0x00000000035d0000, 0x00000000052d0000, 0x00000000125d0000]
 total_blobs=9994 nmethods=9123 adapters=783
 compilation: enabled

Compilation events (10 events):
Event: 17.127 Thread 0x0000000019f3e000 nmethod 10257 0x00000000052b9910 code [0x00000000052b9b20, 0x00000000052ba5a8]
Event: 17.128 Thread 0x0000000019f3e000 10255       3       com.sun.tools.javac.tree.TreeInfo::setPolyKind (105 bytes)
Event: 17.128 Thread 0x0000000019f3e000 nmethod 10255 0x00000000052baad0 code [0x00000000052bad20, 0x00000000052bbc78]
Event: 17.128 Thread 0x0000000019f3e000 10264       3       com.sun.tools.javac.code.Type$JCPrimitiveType::isNumeric (16 bytes)
Event: 17.128 Thread 0x0000000019f3e000 nmethod 10264 0x00000000052bc2d0 code [0x00000000052bc420, 0x00000000052bc5d0]
Event: 17.128 Thread 0x0000000019f3e000 10265       3       com.sun.tools.javac.code.Scope::getElements (10 bytes)
Event: 17.128 Thread 0x0000000019f3e000 nmethod 10265 0x00000000052bc650 code [0x00000000052bc7c0, 0x00000000052bca50]
Event: 17.128 Thread 0x0000000019f3e000 10266       3       com.sun.tools.javac.code.Scope$3::<init> (15 bytes)
Event: 17.129 Thread 0x0000000019f3e000 nmethod 10266 0x00000000052bcb50 code [0x00000000052bcca0, 0x00000000052bce70]
Event: 17.129 Thread 0x0000000019f3e000 10268       3       com.sun.tools.javac.comp.Attr::adjustMethodReturnType (105 bytes)

GC Heap History (10 events):
Event: 6.315 GC heap before
{Heap before GC invocations=5 (full 2):
 PSYoungGen      total 229376K, used 16837K [0x00000000d5580000, 0x00000000ea880000, 0x0000000100000000)
  eden space 196608K, 0% used [0x00000000d5580000,0x00000000d5580000,0x00000000e1580000)
  from space 32768K, 51% used [0x00000000e1580000,0x00000000e25f1680,0x00000000e3580000)
  to   space 32768K, 0% used [0x00000000e8880000,0x00000000e8880000,0x00000000ea880000)
 ParOldGen       total 316416K, used 10245K [0x0000000080000000, 0x0000000093500000, 0x00000000d5580000)
  object space 316416K, 3% used [0x0000000080000000,0x0000000080a01438,0x0000000093500000)
 Metaspace       used 34292K, capacity 35418K, committed 35496K, reserved 1079296K
  class space    used 4716K, capacity 5002K, committed 5040K, reserved 1048576K
Event: 6.388 GC heap after
Heap after GC invocations=5 (full 2):
 PSYoungGen      total 229376K, used 0K [0x00000000d5580000, 0x00000000ea880000, 0x0000000100000000)
  eden space 196608K, 0% used [0x00000000d5580000,0x00000000d5580000,0x00000000e1580000)
  from space 32768K, 0% used [0x00000000e1580000,0x00000000e1580000,0x00000000e3580000)
  to   space 32768K, 0% used [0x00000000e8880000,0x00000000e8880000,0x00000000ea880000)
 ParOldGen       total 532480K, used 22822K [0x0000000080000000, 0x00000000a0800000, 0x00000000d5580000)
  object space 532480K, 4% used [0x0000000080000000,0x0000000081649898,0x00000000a0800000)
 Metaspace       used 34292K, capacity 35418K, committed 35496K, reserved 1079296K
  class space    used 4716K, capacity 5002K, committed 5040K, reserved 1048576K
}
Event: 8.443 GC heap before
{Heap before GC invocations=6 (full 2):
 PSYoungGen      total 229376K, used 196608K [0x00000000d5580000, 0x00000000ea880000, 0x0000000100000000)
  eden space 196608K, 100% used [0x00000000d5580000,0x00000000e1580000,0x00000000e1580000)
  from space 32768K, 0% used [0x00000000e1580000,0x00000000e1580000,0x00000000e3580000)
  to   space 32768K, 0% used [0x00000000e8880000,0x00000000e8880000,0x00000000ea880000)
 ParOldGen       total 532480K, used 22822K [0x0000000080000000, 0x00000000a0800000, 0x00000000d5580000)
  object space 532480K, 4% used [0x0000000080000000,0x0000000081649898,0x00000000a0800000)
 Metaspace       used 45526K, capacity 47348K, committed 47528K, reserved 1089536K
  class space    used 6150K, capacity 6528K, committed 6576K, reserved 1048576K
Event: 8.464 GC heap after
Heap after GC invocations=6 (full 2):
 PSYoungGen      total 278016K, used 15956K [0x00000000d5580000, 0x00000000e9880000, 0x0000000100000000)
  eden space 261632K, 0% used [0x00000000d5580000,0x00000000d5580000,0x00000000e5500000)
  from space 16384K, 97% used [0x00000000e8880000,0x00000000e9815158,0x00000000e9880000)
  to   space 32768K, 0% used [0x00000000e5880000,0x00000000e5880000,0x00000000e7880000)
 ParOldGen       total 532480K, used 22830K [0x0000000080000000, 0x00000000a0800000, 0x00000000d5580000)
  object space 532480K, 4% used [0x0000000080000000,0x000000008164b898,0x00000000a0800000)
 Metaspace       used 45526K, capacity 47348K, committed 47528K, reserved 1089536K
  class space    used 6150K, capacity 6528K, committed 6576K, reserved 1048576K
}
Event: 10.989 GC heap before
{Heap before GC invocations=7 (full 2):
 PSYoungGen      total 278016K, used 184613K [0x00000000d5580000, 0x00000000e9880000, 0x0000000100000000)
  eden space 261632K, 64% used [0x00000000d5580000,0x00000000dfa34618,0x00000000e5500000)
  from space 16384K, 97% used [0x00000000e8880000,0x00000000e9815158,0x00000000e9880000)
  to   space 32768K, 0% used [0x00000000e5880000,0x00000000e5880000,0x00000000e7880000)
 ParOldGen       total 532480K, used 22830K [0x0000000080000000, 0x00000000a0800000, 0x00000000d5580000)
  object space 532480K, 4% used [0x0000000080000000,0x000000008164b898,0x00000000a0800000)
 Metaspace       used 56909K, capacity 59068K, committed 59160K, reserved 1099776K
  class space    used 7569K, capacity 8041K, committed 8112K, reserved 1048576K
Event: 11.014 GC heap after
Heap after GC invocations=7 (full 2):
 PSYoungGen      total 297984K, used 27133K [0x00000000d5580000, 0x00000000ede00000, 0x0000000100000000)
  eden space 265216K, 0% used [0x00000000d5580000,0x00000000d5580000,0x00000000e5880000)
  from space 32768K, 82% used [0x00000000e5880000,0x00000000e72ff530,0x00000000e7880000)
  to   space 27136K, 0% used [0x00000000ec380000,0x00000000ec380000,0x00000000ede00000)
 ParOldGen       total 532480K, used 22902K [0x0000000080000000, 0x00000000a0800000, 0x00000000d5580000)
  object space 532480K, 4% used [0x0000000080000000,0x000000008165d8a8,0x00000000a0800000)
 Metaspace       used 56909K, capacity 59068K, committed 59160K, reserved 1099776K
  class space    used 7569K, capacity 8041K, committed 8112K, reserved 1048576K
}
Event: 11.014 GC heap before
{Heap before GC invocations=8 (full 3):
 PSYoungGen      total 297984K, used 27133K [0x00000000d5580000, 0x00000000ede00000, 0x0000000100000000)
  eden space 265216K, 0% used [0x00000000d5580000,0x00000000d5580000,0x00000000e5880000)
  from space 32768K, 82% used [0x00000000e5880000,0x00000000e72ff530,0x00000000e7880000)
  to   space 27136K, 0% used [0x00000000ec380000,0x00000000ec380000,0x00000000ede00000)
 ParOldGen       total 532480K, used 22902K [0x0000000080000000, 0x00000000a0800000, 0x00000000d5580000)
  object space 532480K, 4% used [0x0000000080000000,0x000000008165d8a8,0x00000000a0800000)
 Metaspace       used 56909K, capacity 59068K, committed 59160K, reserved 1099776K
  class space    used 7569K, capacity 8041K, committed 8112K, reserved 1048576K
Event: 11.312 GC heap after
Heap after GC invocations=8 (full 3):
 PSYoungGen      total 297984K, used 0K [0x00000000d5580000, 0x00000000ede00000, 0x0000000100000000)
  eden space 265216K, 0% used [0x00000000d5580000,0x00000000d5580000,0x00000000e5880000)
  from space 32768K, 0% used [0x00000000e5880000,0x00000000e5880000,0x00000000e7880000)
  to   space 27136K, 0% used [0x00000000ec380000,0x00000000ec380000,0x00000000ede00000)
 ParOldGen       total 784384K, used 39380K [0x0000000080000000, 0x00000000afe00000, 0x00000000d5580000)
  object space 784384K, 5% used [0x0000000080000000,0x00000000826750f0,0x00000000afe00000)
 Metaspace       used 56864K, capacity 58918K, committed 59160K, reserved 1099776K
  class space    used 7555K, capacity 8016K, committed 8112K, reserved 1048576K
}
Event: 14.540 GC heap before
{Heap before GC invocations=9 (full 3):
 PSYoungGen      total 297984K, used 265216K [0x00000000d5580000, 0x00000000ede00000, 0x0000000100000000)
  eden space 265216K, 100% used [0x00000000d5580000,0x00000000e5880000,0x00000000e5880000)
  from space 32768K, 0% used [0x00000000e5880000,0x00000000e5880000,0x00000000e7880000)
  to   space 27136K, 0% used [0x00000000ec380000,0x00000000ec380000,0x00000000ede00000)
 ParOldGen       total 784384K, used 39380K [0x0000000080000000, 0x00000000afe00000, 0x00000000d5580000)
  object space 784384K, 5% used [0x0000000080000000,0x00000000826750f0,0x00000000afe00000)
 Metaspace       used 69908K, capacity 73234K, committed 73512K, reserved 1112064K
  class space    used 9559K, capacity 10217K, committed 10288K, reserved 1048576K
Event: 14.562 GC heap after
Heap after GC invocations=9 (full 3):
 PSYoungGen      total 346112K, used 23887K [0x00000000d5580000, 0x00000000edb00000, 0x0000000100000000)
  eden space 322048K, 0% used [0x00000000d5580000,0x00000000d5580000,0x00000000e9000000)
  from space 24064K, 99% used [0x00000000ec380000,0x00000000edad3d88,0x00000000edb00000)
  to   space 29184K, 0% used [0x00000000ea200000,0x00000000ea200000,0x00000000ebe80000)
 ParOldGen       total 784384K, used 39388K [0x0000000080000000, 0x00000000afe00000, 0x00000000d5580000)
  object space 784384K, 5% used [0x0000000080000000,0x00000000826770f0,0x00000000afe00000)
 Metaspace       used 69908K, capacity 73234K, committed 73512K, reserved 1112064K
  class space    used 9559K, capacity 10217K, committed 10288K, reserved 1048576K
}

Deoptimization events (10 events):
Event: 16.917 Thread 0x000000001a119800 Uncommon trap: reason=class_check action=maybe_recompile pc=0x0000000005158cf0 method=com.sun.tools.javac.code.Type$ClassType.allparams()Lcom/sun/tools/javac/util/List; @ 16
Event: 16.923 Thread 0x000000001a119800 Uncommon trap: reason=class_check action=maybe_recompile pc=0x00000000051a82fc method=com.sun.tools.javac.code.Type$ClassType.allparams()Lcom/sun/tools/javac/util/List; @ 16
Event: 16.924 Thread 0x000000001a119800 Uncommon trap: reason=class_check action=maybe_recompile pc=0x0000000005158cf0 method=com.sun.tools.javac.code.Type$ClassType.allparams()Lcom/sun/tools/javac/util/List; @ 16
Event: 16.938 Thread 0x000000001a119800 Uncommon trap: reason=class_check action=maybe_recompile pc=0x00000000051a82fc method=com.sun.tools.javac.code.Type$ClassType.allparams()Lcom/sun/tools/javac/util/List; @ 16
Event: 16.977 Thread 0x000000001a119800 Uncommon trap: reason=unstable_if action=reinterpret pc=0x0000000004e95318 method=com.sun.tools.javac.util.IntHashTable.lookup(Ljava/lang/Object;I)I @ 67
Event: 16.977 Thread 0x000000001a119800 Uncommon trap: reason=unstable_if action=reinterpret pc=0x0000000004e8cb60 method=com.sun.tools.javac.util.IntHashTable.putAtIndex(Ljava/lang/Object;II)I @ 18
Event: 17.076 Thread 0x000000001a119800 Uncommon trap: reason=bimorphic action=maybe_recompile pc=0x0000000004d473d0 method=java.util.Collections$UnmodifiableCollection.size()I @ 4
Event: 17.079 Thread 0x000000001a119800 Uncommon trap: reason=class_check action=maybe_recompile pc=0x000000000452ca00 method=java.lang.AbstractStringBuilder.append(Ljava/lang/CharSequence;)Ljava/lang/AbstractStringBuilder; @ 26
Event: 17.080 Thread 0x000000001a119800 Uncommon trap: reason=class_check action=maybe_recompile pc=0x0000000003bcb6d8 method=java.lang.AbstractStringBuilder.append(Ljava/lang/CharSequence;II)Ljava/lang/AbstractStringBuilder; @ 18
Event: 17.081 Thread 0x000000001a119800 Uncommon trap: reason=bimorphic action=maybe_recompile pc=0x000000000397e884 method=java.util.Objects.equals(Ljava/lang/Object;Ljava/lang/Object;)Z @ 11

Classes redefined (0 events):
No events

Internal exceptions (10 events):
Event: 15.531 Thread 0x000000001a119800 Exception <a 'sun/nio/fs/WindowsException'> (0x00000000dc93e690) thrown at [C:\src\AOSP-openjdk-git\hotspot\src\share\vm\prims\jni.cpp, line 710]
Event: 15.531 Thread 0x000000001a119800 Exception <a 'sun/nio/fs/WindowsException'> (0x00000000dc940580) thrown at [C:\src\AOSP-openjdk-git\hotspot\src\share\vm\prims\jni.cpp, line 710]
Event: 15.531 Thread 0x000000001a119800 Exception <a 'sun/nio/fs/WindowsException'> (0x00000000dc941248) thrown at [C:\src\AOSP-openjdk-git\hotspot\src\share\vm\prims\jni.cpp, line 710]
Event: 15.532 Thread 0x000000001a119800 Exception <a 'sun/nio/fs/WindowsException'> (0x00000000dc942fa0) thrown at [C:\src\AOSP-openjdk-git\hotspot\src\share\vm\prims\jni.cpp, line 710]
Event: 15.532 Thread 0x000000001a119800 Exception <a 'sun/nio/fs/WindowsException'> (0x00000000dc943c60) thrown at [C:\src\AOSP-openjdk-git\hotspot\src\share\vm\prims\jni.cpp, line 710]
Event: 15.533 Thread 0x000000001a119800 Exception <a 'sun/nio/fs/WindowsException'> (0x00000000dc945bf8) thrown at [C:\src\AOSP-openjdk-git\hotspot\src\share\vm\prims\jni.cpp, line 710]
Event: 15.533 Thread 0x000000001a119800 Exception <a 'sun/nio/fs/WindowsException'> (0x00000000dc9468c0) thrown at [C:\src\AOSP-openjdk-git\hotspot\src\share\vm\prims\jni.cpp, line 710]
Event: 15.534 Thread 0x000000001a119800 Exception <a 'sun/nio/fs/WindowsException'> (0x00000000dc948648) thrown at [C:\src\AOSP-openjdk-git\hotspot\src\share\vm\prims\jni.cpp, line 710]
Event: 15.534 Thread 0x000000001a119800 Exception <a 'sun/nio/fs/WindowsException'> (0x00000000dc949310) thrown at [C:\src\AOSP-openjdk-git\hotspot\src\share\vm\prims\jni.cpp, line 710]
Event: 15.581 Thread 0x000000001a119800 Exception <a 'java/lang/NoSuchMethodError': java.lang.Object.lambda$static$0(Lorg/gradle/internal/snapshot/FileSystemSnapshotVisitor;)V> (0x00000000dcbc1db8) thrown at [C:\src\AOSP-openjdk-git\hotspot\src\share\vm\interpreter\linkResolver.cpp, line 620]

Events (10 events):
Event: 17.079 Thread 0x000000001a119800 DEOPT PACKING pc=0x000000000452ca00 sp=0x00000000310197b0
Event: 17.079 Thread 0x000000001a119800 DEOPT UNPACKING pc=0x000000000361557b sp=0x00000000310197a8 mode 2
Event: 17.080 Thread 0x000000001a119800 Uncommon trap: trap_request=0xffffffde fr.pc=0x0000000003bcb6d8
Event: 17.080 Thread 0x000000001a119800 DEOPT PACKING pc=0x0000000003bcb6d8 sp=0x0000000031019660
Event: 17.080 Thread 0x000000001a119800 DEOPT UNPACKING pc=0x000000000361557b sp=0x0000000031019628 mode 2
Event: 17.080 loading class java/text/MessageFormat$Field
Event: 17.080 loading class java/text/MessageFormat$Field done
Event: 17.081 Thread 0x000000001a119800 Uncommon trap: trap_request=0xffffffc6 fr.pc=0x000000000397e884
Event: 17.081 Thread 0x000000001a119800 DEOPT PACKING pc=0x000000000397e884 sp=0x0000000031019ed0
Event: 17.081 Thread 0x000000001a119800 DEOPT UNPACKING pc=0x000000000361557b sp=0x0000000031019e70 mode 2


Dynamic libraries:
0x00007ff7166d0000 - 0x00007ff716701000 	C:\Program Files\Android\Android Studio1\jre\bin\java.exe
0x00007fff5f290000 - 0x00007fff5f486000 	C:\WINDOWS\SYSTEM32\ntdll.dll
0x00007fff5e430000 - 0x00007fff5e4ed000 	C:\WINDOWS\System32\KERNEL32.DLL
0x00007fff5ca60000 - 0x00007fff5cd29000 	C:\WINDOWS\System32\KERNELBASE.dll
0x00007fff5e210000 - 0x00007fff5e2bc000 	C:\WINDOWS\System32\ADVAPI32.dll
0x00007fff5ed20000 - 0x00007fff5edbe000 	C:\WINDOWS\System32\msvcrt.dll
0x00007fff5e390000 - 0x00007fff5e42c000 	C:\WINDOWS\System32\sechost.dll
0x00007fff5d320000 - 0x00007fff5d44b000 	C:\WINDOWS\System32\RPCRT4.dll
0x00007fff5e4f0000 - 0x00007fff5e690000 	C:\WINDOWS\System32\USER32.dll
0x00007fff5cdb0000 - 0x00007fff5cdd2000 	C:\WINDOWS\System32\win32u.dll
0x00007fff5edd0000 - 0x00007fff5edfa000 	C:\WINDOWS\System32\GDI32.dll
0x00007fff5cee0000 - 0x00007fff5cfe9000 	C:\WINDOWS\System32\gdi32full.dll
0x00007fff5cff0000 - 0x00007fff5d08d000 	C:\WINDOWS\System32\msvcp_win.dll
0x00007fff5cde0000 - 0x00007fff5cee0000 	C:\WINDOWS\System32\ucrtbase.dll
0x00007fff37840000 - 0x00007fff37adb000 	C:\WINDOWS\WinSxS\amd64_microsoft.windows.common-controls_6595b64144ccf1df_6.0.19041.488_none_ca04af081b815d21\COMCTL32.dll
0x00007fff5d2f0000 - 0x00007fff5d320000 	C:\WINDOWS\System32\IMM32.DLL
0x0000000060740000 - 0x0000000060812000 	C:\Program Files\Android\Android Studio1\jre\jre\bin\msvcr100.dll
0x00000000612b0000 - 0x0000000061afb000 	C:\Program Files\Android\Android Studio1\jre\jre\bin\server\jvm.dll
0x00007fff5ec40000 - 0x00007fff5ec48000 	C:\WINDOWS\System32\PSAPI.DLL
0x00007fff51de0000 - 0x00007fff51de9000 	C:\WINDOWS\SYSTEM32\WSOCK32.dll
0x00007fff55bd0000 - 0x00007fff55bda000 	C:\WINDOWS\SYSTEM32\VERSION.dll
0x00007fff5e690000 - 0x00007fff5e6fb000 	C:\WINDOWS\System32\WS2_32.dll
0x00007fff51e30000 - 0x00007fff51e57000 	C:\WINDOWS\SYSTEM32\WINMM.dll
0x00007fff586d0000 - 0x00007fff586df000 	C:\Program Files\Android\Android Studio1\jre\jre\bin\verify.dll
0x00007fff56e30000 - 0x00007fff56e59000 	C:\Program Files\Android\Android Studio1\jre\jre\bin\java.dll
0x00007fff58650000 - 0x00007fff58666000 	C:\Program Files\Android\Android Studio1\jre\jre\bin\zip.dll
0x00007fff5d510000 - 0x00007fff5dc52000 	C:\WINDOWS\System32\SHELL32.dll
0x00007fff5a850000 - 0x00007fff5afe5000 	C:\WINDOWS\SYSTEM32\windows.storage.dll
0x00007fff5e700000 - 0x00007fff5ea56000 	C:\WINDOWS\System32\combase.dll
0x00007fff5c440000 - 0x00007fff5c46c000 	C:\WINDOWS\SYSTEM32\Wldp.dll
0x00007fff5e2c0000 - 0x00007fff5e36e000 	C:\WINDOWS\System32\SHCORE.dll
0x00007fff5eac0000 - 0x00007fff5eb15000 	C:\WINDOWS\System32\shlwapi.dll
0x00007fff5c900000 - 0x00007fff5c926000 	C:\WINDOWS\SYSTEM32\profapi.dll
0x00007fff575d0000 - 0x00007fff575ea000 	C:\Program Files\Android\Android Studio1\jre\jre\bin\net.dll
0x00007fff5c1c0000 - 0x00007fff5c22a000 	C:\WINDOWS\system32\mswsock.dll
0x00007fff540b0000 - 0x00007fff540c3000 	C:\Program Files\Android\Android Studio1\jre\jre\bin\nio.dll
0x00007fff47a50000 - 0x00007fff47a77000 	C:\Users\Barren Wolfsbane\.gradle\native\f6784746aeab05261644944871eae4fe03e0ef1612fff0a4a95f87b438bc6780\windows-amd64\native-platform.dll
0x00007fff582a0000 - 0x00007fff582ad000 	C:\Program Files\Android\Android Studio1\jre\jre\bin\management.dll
0x00007fff5c390000 - 0x00007fff5c3a8000 	C:\WINDOWS\SYSTEM32\CRYPTSP.dll
0x00007fff5bae0000 - 0x00007fff5bb14000 	C:\WINDOWS\system32\rsaenh.dll
0x00007fff5c9d0000 - 0x00007fff5c9f7000 	C:\WINDOWS\System32\bcrypt.dll
0x00007fff5c8c0000 - 0x00007fff5c8ee000 	C:\WINDOWS\SYSTEM32\USERENV.dll
0x00007fff5cd30000 - 0x00007fff5cdb0000 	C:\WINDOWS\System32\bcryptprimitives.dll
0x00007fff5c3b0000 - 0x00007fff5c3bc000 	C:\WINDOWS\SYSTEM32\CRYPTBASE.dll
0x00007fff5be60000 - 0x00007fff5be9b000 	C:\WINDOWS\SYSTEM32\IPHLPAPI.DLL
0x00007fff5edc0000 - 0x00007fff5edc8000 	C:\WINDOWS\System32\NSI.dll
0x00007fff568c0000 - 0x00007fff568d7000 	C:\WINDOWS\SYSTEM32\dhcpcsvc6.DLL
0x00007fff56780000 - 0x00007fff5679d000 	C:\WINDOWS\SYSTEM32\dhcpcsvc.DLL
0x00007fff5beb0000 - 0x00007fff5bf7b000 	C:\WINDOWS\SYSTEM32\DNSAPI.dll
0x00007fff56a40000 - 0x00007fff56a4b000 	C:\WINDOWS\SYSTEM32\WINNSI.DLL
0x00007fff4b590000 - 0x00007fff4b5b4000 	C:\Program Files\Android\Android Studio1\jre\jre\bin\sunec.dll
0x00007fff53e30000 - 0x00007fff53e3a000 	C:\Windows\System32\rasadhlp.dll
0x00007fff52020000 - 0x00007fff5209f000 	C:\WINDOWS\System32\fwpuclnt.dll
0x00007fff58280000 - 0x00007fff5828b000 	C:\Program Files\Android\Android Studio1\jre\jre\bin\sunmscapi.dll
0x00007fff5d190000 - 0x00007fff5d2ed000 	C:\WINDOWS\System32\CRYPT32.dll

VM Arguments:
jvm_args: -Xmx2048m -Dfile.encoding=UTF-8 -Duser.country=US -Duser.language=en -Duser.variant 
java_command: org.gradle.launcher.daemon.bootstrap.GradleDaemon 6.5
java_class_path (initial): C:\Users\Barren Wolfsbane\.gradle\wrapper\dists\gradle-6.5-all\2oz4ud9k3tuxjg84bbf55q0tn\gradle-6.5\lib\gradle-launcher-6.5.jar
Launcher Type: SUN_STANDARD

Environment Variables:
PATH=C:\Program Files (x86)\Common Files\Oracle\Java\javapath;C:\Program Files\NVIDIA GPU Computing Toolkit\CUDA\v10.1\bin;C:\Program Files\NVIDIA GPU Computing Toolkit\CUDA\v10.1\libnvvp;C:\Program Files\NVIDIA GPU Computing Toolkit\CUDA\v10.0\bin;C:\Program Files\NVIDIA GPU Computing Toolkit\CUDA\v10.0\libnvvp;C:\Program Files (x86)\Intel\iCLS Client\;C:\Program Files\Intel\iCLS Client\;C:\Windows\system32;C:\Windows;C:\Windows\System32\Wbem;C:\Windows\System32\WindowsPowerShell\v1.0\;C:\Windows\System32\OpenSSH\;C:\Program Files (x86)\NVIDIA Corporation\PhysX\Common;C:\Program Files\NVIDIA Corporation\NVIDIA NvDLISR;C:\Program Files (x86)\GtkSharp\2.12\bin;C:\Program Files (x86)\Intel\Intel(R) Management Engine Components\DAL;C:\Program Files\Intel\Intel(R) Management Engine Components\DAL;C:\Program Files (x86)\Intel\Intel(R) Management Engine Components\IPT;C:\Program Files\Intel\Intel(R) Management Engine Components\IPT;C:\Program Files (x86)\AOMEI Backupper;C:\Program Files\NVIDIA Corporation\Nsight Compute 2019.4.0\;c:\php;C:\Apache24;C:\Apache24\bin;C:\Program Files\Common Files\Autodesk Shared\;C:\WINDOWS\system32;C:\WINDOWS;C:\WINDOWS\System32\Wbem;C:\WINDOWS\System32\WindowsPowerShell\v1.0\;C:\WINDOWS\System32\OpenSSH\;C:\Program Files\Git\cmd;C:\Program Files\MySQL\MySQL Shell 8.0\bin\;C:\Users\Barren Wolfsbane\AppData\Local\Programs\Python\Python37\Scripts\;C:\Users\Barren Wolfsbane\AppData\Local\Programs\Python\Python37\;C:\Users\Barren Wolfsbane\AppData\Local\Microsoft\WindowsApps;
USERNAME=Barren Wolfsbane
OS=Windows_NT
PROCESSOR_IDENTIFIER=Intel64 Family 6 Model 79 Stepping 1, GenuineIntel



---------------  S Y S T E M  ---------------

OS: Windows 10.0 , 64 bit Build 19041 (10.0.19041.662)

CPU:total 12 (initial active 12) (6 cores per cpu, 2 threads per core) family 6 model 79 stepping 1, cmov, cx8, fxsr, mmx, sse, sse2, sse3, ssse3, sse4.1, sse4.2, popcnt, avx, avx2, aes, clmul, erms, rtm, 3dnowpref, lzcnt, ht, tsc, tscinvbit, bmi1, bmi2, adx

Memory: 4k page, physical 50229380k(20817132k free), swap 54423684k(6176k free)

vm_info: OpenJDK 64-Bit Server VM (25.242-b01) for windows-amd64 JRE (1.8.0_242-release-1644-b01), built by "builder" with MS VC++ 10.0 (VS2010)

time: Tue Jan 26 22:15:21 2021
timezone: Pacific Standard Time
elapsed time: 17 seconds (0d 0h 0m 17s)

